\BOOKMARK [1][-]{section.1}{Introduction}{}% 1
\BOOKMARK [1][-]{section.2}{Methods}{}% 2
\BOOKMARK [2][-]{subsection.2.1}{Defining patterns in scan\137for\137matches }{section.2}% 3
\BOOKMARK [2][-]{subsection.2.2}{Backtracking}{section.2}% 4
\BOOKMARK [2][-]{subsection.2.3}{Flow of scan\137for\137matches }{section.2}% 5
\BOOKMARK [3][-]{subsubsection.2.3.1}{Multi-level backtracking}{subsection.2.3}% 6
\BOOKMARK [2][-]{subsection.2.4}{Design}{section.2}% 7
\BOOKMARK [3][-]{subsubsection.2.4.1}{Flow of scanfm }{subsection.2.4}% 8
\BOOKMARK [3][-]{subsubsection.2.4.2}{Optimizing character comparison using bitwise operations}{subsection.2.4}% 9
\BOOKMARK [3][-]{subsubsection.2.4.3}{Why not Levenshtein distance?}{subsection.2.4}% 10
\BOOKMARK [3][-]{subsubsection.2.4.4}{Optimizing order of PU matching}{subsection.2.4}% 11
\BOOKMARK [2][-]{subsection.2.5}{Clean code}{section.2}% 12
\BOOKMARK [1][-]{section.3}{Correctness Test}{}% 13
\BOOKMARK [2][-]{subsection.3.1}{Found errors}{section.3}% 14
\BOOKMARK [3][-]{subsubsection.3.1.1}{Empty sequences}{subsection.3.1}% 15
\BOOKMARK [3][-]{subsubsection.3.1.2}{Ranges from 0 to 0}{subsection.3.1}% 16
\BOOKMARK [3][-]{subsubsection.3.1.3}{Ranges from 0}{subsection.3.1}% 17
\BOOKMARK [3][-]{subsubsection.3.1.4}{References with ranges from 0}{subsection.3.1}% 18
\BOOKMARK [1][-]{section.4}{Benchmark comparison}{}% 19
\BOOKMARK [1][-]{section.5}{Appendics}{}% 20
\BOOKMARK [2][-]{subsection.5.1}{Correctnes test results}{section.5}% 21
\BOOKMARK [3][-]{subsubsection.5.1.1}{Sequence}{subsection.5.1}% 22
\BOOKMARK [3][-]{subsubsection.5.1.2}{Range}{subsection.5.1}% 23
\BOOKMARK [3][-]{subsubsection.5.1.3}{Reference}{subsection.5.1}% 24
