This is pdfTeX, Version 3.1415926-2.4-1.40.13 (MiKTeX 2.9) (preloaded format=pdflatex 2013.9.9)  21 MAY 2015 16:45
entering extended mode
**Report.tex
(C:\Users\Martin\Documents\Uni\Bachelor\Code\ScanForMatch\Report.tex
LaTeX2e <2011/06/27>
Babel <v3.8m> and hyphenation patterns for english, afrikaans, ancientgreek, ar
abic, armenian, assamese, basque, bengali, bokmal, bulgarian, catalan, coptic, 
croatian, czech, danish, dutch, esperanto, estonian, farsi, finnish, french, ga
lician, german, german-x-2012-05-30, greek, gujarati, hindi, hungarian, iceland
ic, indonesian, interlingua, irish, italian, kannada, kurmanji, latin, latvian,
 lithuanian, malayalam, marathi, mongolian, mongolianlmc, monogreek, ngerman, n
german-x-2012-05-30, nynorsk, oriya, panjabi, pinyin, polish, portuguese, roman
ian, russian, sanskrit, serbian, slovak, slovenian, spanish, swedish, swissgerm
an, tamil, telugu, turkish, turkmen, ukenglish, ukrainian, uppersorbian, usengl
ishmax, welsh, loaded.
("C:\Program Files (x86)\MiKTeX 2.9\tex\latex\base\article.cls"
Document Class: article 2007/10/19 v1.4h Standard LaTeX document class
("C:\Program Files (x86)\MiKTeX 2.9\tex\latex\base\size12.clo"
File: size12.clo 2007/10/19 v1.4h Standard LaTeX file (size option)
)
\c@part=\count79
\c@section=\count80
\c@subsection=\count81
\c@subsubsection=\count82
\c@paragraph=\count83
\c@subparagraph=\count84
\c@figure=\count85
\c@table=\count86
\abovecaptionskip=\skip41
\belowcaptionskip=\skip42
\bibindent=\dimen102
)
("C:\Program Files (x86)\MiKTeX 2.9\tex\latex\geometry\geometry.sty"
Package: geometry 2010/09/12 v5.6 Page Geometry

("C:\Program Files (x86)\MiKTeX 2.9\tex\latex\graphics\keyval.sty"
Package: keyval 1999/03/16 v1.13 key=value parser (DPC)
\KV@toks@=\toks14
)
("C:\Program Files (x86)\MiKTeX 2.9\tex\generic\oberdiek\ifpdf.sty"
Package: ifpdf 2011/01/30 v2.3 Provides the ifpdf switch (HO)
Package ifpdf Info: pdfTeX in PDF mode is detected.
)
("C:\Program Files (x86)\MiKTeX 2.9\tex\generic\oberdiek\ifvtex.sty"
Package: ifvtex 2010/03/01 v1.5 Detect VTeX and its facilities (HO)
Package ifvtex Info: VTeX not detected.
)
("C:\Program Files (x86)\MiKTeX 2.9\tex\generic\ifxetex\ifxetex.sty"
Package: ifxetex 2010/09/12 v0.6 Provides ifxetex conditional
)
\Gm@cnth=\count87
\Gm@cntv=\count88
\c@Gm@tempcnt=\count89
\Gm@bindingoffset=\dimen103
\Gm@wd@mp=\dimen104
\Gm@odd@mp=\dimen105
\Gm@even@mp=\dimen106
\Gm@layoutwidth=\dimen107
\Gm@layoutheight=\dimen108
\Gm@layouthoffset=\dimen109
\Gm@layoutvoffset=\dimen110
\Gm@dimlist=\toks15

("C:\Program Files (x86)\MiKTeX 2.9\tex\latex\geometry\geometry.cfg"))
("C:\Program Files (x86)\MiKTeX 2.9\tex\latex\base\inputenc.sty"
Package: inputenc 2008/03/30 v1.1d Input encoding file
\inpenc@prehook=\toks16
\inpenc@posthook=\toks17

("C:\Program Files (x86)\MiKTeX 2.9\tex\latex\base\utf8.def"
File: utf8.def 2008/04/05 v1.1m UTF-8 support for inputenc
Now handling font encoding OML ...
... no UTF-8 mapping file for font encoding OML
Now handling font encoding T1 ...
... processing UTF-8 mapping file for font encoding T1

("C:\Program Files (x86)\MiKTeX 2.9\tex\latex\base\t1enc.dfu"
File: t1enc.dfu 2008/04/05 v1.1m UTF-8 support for inputenc
   defining Unicode char U+00A1 (decimal 161)
   defining Unicode char U+00A3 (decimal 163)
   defining Unicode char U+00AB (decimal 171)
   defining Unicode char U+00BB (decimal 187)
   defining Unicode char U+00BF (decimal 191)
   defining Unicode char U+00C0 (decimal 192)
   defining Unicode char U+00C1 (decimal 193)
   defining Unicode char U+00C2 (decimal 194)
   defining Unicode char U+00C3 (decimal 195)
   defining Unicode char U+00C4 (decimal 196)
   defining Unicode char U+00C5 (decimal 197)
   defining Unicode char U+00C6 (decimal 198)
   defining Unicode char U+00C7 (decimal 199)
   defining Unicode char U+00C8 (decimal 200)
   defining Unicode char U+00C9 (decimal 201)
   defining Unicode char U+00CA (decimal 202)
   defining Unicode char U+00CB (decimal 203)
   defining Unicode char U+00CC (decimal 204)
   defining Unicode char U+00CD (decimal 205)
   defining Unicode char U+00CE (decimal 206)
   defining Unicode char U+00CF (decimal 207)
   defining Unicode char U+00D0 (decimal 208)
   defining Unicode char U+00D1 (decimal 209)
   defining Unicode char U+00D2 (decimal 210)
   defining Unicode char U+00D3 (decimal 211)
   defining Unicode char U+00D4 (decimal 212)
   defining Unicode char U+00D5 (decimal 213)
   defining Unicode char U+00D6 (decimal 214)
   defining Unicode char U+00D8 (decimal 216)
   defining Unicode char U+00D9 (decimal 217)
   defining Unicode char U+00DA (decimal 218)
   defining Unicode char U+00DB (decimal 219)
   defining Unicode char U+00DC (decimal 220)
   defining Unicode char U+00DD (decimal 221)
   defining Unicode char U+00DE (decimal 222)
   defining Unicode char U+00DF (decimal 223)
   defining Unicode char U+00E0 (decimal 224)
   defining Unicode char U+00E1 (decimal 225)
   defining Unicode char U+00E2 (decimal 226)
   defining Unicode char U+00E3 (decimal 227)
   defining Unicode char U+00E4 (decimal 228)
   defining Unicode char U+00E5 (decimal 229)
   defining Unicode char U+00E6 (decimal 230)
   defining Unicode char U+00E7 (decimal 231)
   defining Unicode char U+00E8 (decimal 232)
   defining Unicode char U+00E9 (decimal 233)
   defining Unicode char U+00EA (decimal 234)
   defining Unicode char U+00EB (decimal 235)
   defining Unicode char U+00EC (decimal 236)
   defining Unicode char U+00ED (decimal 237)
   defining Unicode char U+00EE (decimal 238)
   defining Unicode char U+00EF (decimal 239)
   defining Unicode char U+00F0 (decimal 240)
   defining Unicode char U+00F1 (decimal 241)
   defining Unicode char U+00F2 (decimal 242)
   defining Unicode char U+00F3 (decimal 243)
   defining Unicode char U+00F4 (decimal 244)
   defining Unicode char U+00F5 (decimal 245)
   defining Unicode char U+00F6 (decimal 246)
   defining Unicode char U+00F8 (decimal 248)
   defining Unicode char U+00F9 (decimal 249)
   defining Unicode char U+00FA (decimal 250)
   defining Unicode char U+00FB (decimal 251)
   defining Unicode char U+00FC (decimal 252)
   defining Unicode char U+00FD (decimal 253)
   defining Unicode char U+00FE (decimal 254)
   defining Unicode char U+00FF (decimal 255)
   defining Unicode char U+0102 (decimal 258)
   defining Unicode char U+0103 (decimal 259)
   defining Unicode char U+0104 (decimal 260)
   defining Unicode char U+0105 (decimal 261)
   defining Unicode char U+0106 (decimal 262)
   defining Unicode char U+0107 (decimal 263)
   defining Unicode char U+010C (decimal 268)
   defining Unicode char U+010D (decimal 269)
   defining Unicode char U+010E (decimal 270)
   defining Unicode char U+010F (decimal 271)
   defining Unicode char U+0110 (decimal 272)
   defining Unicode char U+0111 (decimal 273)
   defining Unicode char U+0118 (decimal 280)
   defining Unicode char U+0119 (decimal 281)
   defining Unicode char U+011A (decimal 282)
   defining Unicode char U+011B (decimal 283)
   defining Unicode char U+011E (decimal 286)
   defining Unicode char U+011F (decimal 287)
   defining Unicode char U+0130 (decimal 304)
   defining Unicode char U+0131 (decimal 305)
   defining Unicode char U+0132 (decimal 306)
   defining Unicode char U+0133 (decimal 307)
   defining Unicode char U+0139 (decimal 313)
   defining Unicode char U+013A (decimal 314)
   defining Unicode char U+013D (decimal 317)
   defining Unicode char U+013E (decimal 318)
   defining Unicode char U+0141 (decimal 321)
   defining Unicode char U+0142 (decimal 322)
   defining Unicode char U+0143 (decimal 323)
   defining Unicode char U+0144 (decimal 324)
   defining Unicode char U+0147 (decimal 327)
   defining Unicode char U+0148 (decimal 328)
   defining Unicode char U+014A (decimal 330)
   defining Unicode char U+014B (decimal 331)
   defining Unicode char U+0150 (decimal 336)
   defining Unicode char U+0151 (decimal 337)
   defining Unicode char U+0152 (decimal 338)
   defining Unicode char U+0153 (decimal 339)
   defining Unicode char U+0154 (decimal 340)
   defining Unicode char U+0155 (decimal 341)
   defining Unicode char U+0158 (decimal 344)
   defining Unicode char U+0159 (decimal 345)
   defining Unicode char U+015A (decimal 346)
   defining Unicode char U+015B (decimal 347)
   defining Unicode char U+015E (decimal 350)
   defining Unicode char U+015F (decimal 351)
   defining Unicode char U+0160 (decimal 352)
   defining Unicode char U+0161 (decimal 353)
   defining Unicode char U+0162 (decimal 354)
   defining Unicode char U+0163 (decimal 355)
   defining Unicode char U+0164 (decimal 356)
   defining Unicode char U+0165 (decimal 357)
   defining Unicode char U+016E (decimal 366)
   defining Unicode char U+016F (decimal 367)
   defining Unicode char U+0170 (decimal 368)
   defining Unicode char U+0171 (decimal 369)
   defining Unicode char U+0178 (decimal 376)
   defining Unicode char U+0179 (decimal 377)
   defining Unicode char U+017A (decimal 378)
   defining Unicode char U+017B (decimal 379)
   defining Unicode char U+017C (decimal 380)
   defining Unicode char U+017D (decimal 381)
   defining Unicode char U+017E (decimal 382)
   defining Unicode char U+200C (decimal 8204)
   defining Unicode char U+2013 (decimal 8211)
   defining Unicode char U+2014 (decimal 8212)
   defining Unicode char U+2018 (decimal 8216)
   defining Unicode char U+2019 (decimal 8217)
   defining Unicode char U+201A (decimal 8218)
   defining Unicode char U+201C (decimal 8220)
   defining Unicode char U+201D (decimal 8221)
   defining Unicode char U+201E (decimal 8222)
   defining Unicode char U+2030 (decimal 8240)
   defining Unicode char U+2031 (decimal 8241)
   defining Unicode char U+2039 (decimal 8249)
   defining Unicode char U+203A (decimal 8250)
   defining Unicode char U+2423 (decimal 9251)
)
Now handling font encoding OT1 ...
... processing UTF-8 mapping file for font encoding OT1

("C:\Program Files (x86)\MiKTeX 2.9\tex\latex\base\ot1enc.dfu"
File: ot1enc.dfu 2008/04/05 v1.1m UTF-8 support for inputenc
   defining Unicode char U+00A1 (decimal 161)
   defining Unicode char U+00A3 (decimal 163)
   defining Unicode char U+00B8 (decimal 184)
   defining Unicode char U+00BF (decimal 191)
   defining Unicode char U+00C5 (decimal 197)
   defining Unicode char U+00C6 (decimal 198)
   defining Unicode char U+00D8 (decimal 216)
   defining Unicode char U+00DF (decimal 223)
   defining Unicode char U+00E6 (decimal 230)
   defining Unicode char U+00EC (decimal 236)
   defining Unicode char U+00ED (decimal 237)
   defining Unicode char U+00EE (decimal 238)
   defining Unicode char U+00EF (decimal 239)
   defining Unicode char U+00F8 (decimal 248)
   defining Unicode char U+0131 (decimal 305)
   defining Unicode char U+0141 (decimal 321)
   defining Unicode char U+0142 (decimal 322)
   defining Unicode char U+0152 (decimal 338)
   defining Unicode char U+0153 (decimal 339)
   defining Unicode char U+2013 (decimal 8211)
   defining Unicode char U+2014 (decimal 8212)
   defining Unicode char U+2018 (decimal 8216)
   defining Unicode char U+2019 (decimal 8217)
   defining Unicode char U+201C (decimal 8220)
   defining Unicode char U+201D (decimal 8221)
)
Now handling font encoding OMS ...
... processing UTF-8 mapping file for font encoding OMS

("C:\Program Files (x86)\MiKTeX 2.9\tex\latex\base\omsenc.dfu"
File: omsenc.dfu 2008/04/05 v1.1m UTF-8 support for inputenc
   defining Unicode char U+00A7 (decimal 167)
   defining Unicode char U+00B6 (decimal 182)
   defining Unicode char U+00B7 (decimal 183)
   defining Unicode char U+2020 (decimal 8224)
   defining Unicode char U+2021 (decimal 8225)
   defining Unicode char U+2022 (decimal 8226)
)
Now handling font encoding OMX ...
... no UTF-8 mapping file for font encoding OMX
Now handling font encoding U ...
... no UTF-8 mapping file for font encoding U
   defining Unicode char U+00A9 (decimal 169)
   defining Unicode char U+00AA (decimal 170)
   defining Unicode char U+00AE (decimal 174)
   defining Unicode char U+00BA (decimal 186)
   defining Unicode char U+02C6 (decimal 710)
   defining Unicode char U+02DC (decimal 732)
   defining Unicode char U+200C (decimal 8204)
   defining Unicode char U+2026 (decimal 8230)
   defining Unicode char U+2122 (decimal 8482)
   defining Unicode char U+2423 (decimal 9251)
))
("C:\Program Files (x86)\MiKTeX 2.9\tex\latex\xcolor\xcolor.sty"
Package: xcolor 2007/01/21 v2.11 LaTeX color extensions (UK)

("C:\Program Files (x86)\MiKTeX 2.9\tex\latex\00miktex\color.cfg"
File: color.cfg 2007/01/18 v1.5 color configuration of teTeX/TeXLive
)
Package xcolor Info: Driver file: pdftex.def on input line 225.

("C:\Program Files (x86)\MiKTeX 2.9\tex\latex\pdftex-def\pdftex.def"
File: pdftex.def 2011/05/27 v0.06d Graphics/color for pdfTeX

("C:\Program Files (x86)\MiKTeX 2.9\tex\generic\oberdiek\infwarerr.sty"
Package: infwarerr 2010/04/08 v1.3 Providing info/warning/error messages (HO)
)
("C:\Program Files (x86)\MiKTeX 2.9\tex\generic\oberdiek\ltxcmds.sty"
Package: ltxcmds 2011/11/09 v1.22 LaTeX kernel commands for general use (HO)
)
\Gread@gobject=\count90
)
Package xcolor Info: Model `cmy' substituted by `cmy0' on input line 1337.
Package xcolor Info: Model `hsb' substituted by `rgb' on input line 1341.
Package xcolor Info: Model `RGB' extended on input line 1353.
Package xcolor Info: Model `HTML' substituted by `rgb' on input line 1355.
Package xcolor Info: Model `Hsb' substituted by `hsb' on input line 1356.
Package xcolor Info: Model `tHsb' substituted by `hsb' on input line 1357.
Package xcolor Info: Model `HSB' substituted by `hsb' on input line 1358.
Package xcolor Info: Model `Gray' substituted by `gray' on input line 1359.
Package xcolor Info: Model `wave' substituted by `hsb' on input line 1360.
)
("C:\Program Files (x86)\MiKTeX 2.9\tex\latex\colortbl\colortbl.sty"
Package: colortbl 2012/02/13 v1.0a Color table columns (DPC)

("C:\Program Files (x86)\MiKTeX 2.9\tex\latex\tools\array.sty"
Package: array 2008/09/09 v2.4c Tabular extension package (FMi)
\col@sep=\dimen111
\extrarowheight=\dimen112
\NC@list=\toks18
\extratabsurround=\skip43
\backup@length=\skip44
)
\everycr=\toks19
\minrowclearance=\skip45
)
   defining Unicode char U+00A0 (decimal 160)

("C:\Program Files (x86)\MiKTeX 2.9\tex\latex\amsmath\amsmath.sty"
Package: amsmath 2013/01/14 v2.14 AMS math features
\@mathmargin=\skip46

For additional information on amsmath, use the `?' option.
("C:\Program Files (x86)\MiKTeX 2.9\tex\latex\amsmath\amstext.sty"
Package: amstext 2000/06/29 v2.01

("C:\Program Files (x86)\MiKTeX 2.9\tex\latex\amsmath\amsgen.sty"
File: amsgen.sty 1999/11/30 v2.0
\@emptytoks=\toks20
\ex@=\dimen113
))
("C:\Program Files (x86)\MiKTeX 2.9\tex\latex\amsmath\amsbsy.sty"
Package: amsbsy 1999/11/29 v1.2d
\pmbraise@=\dimen114
)
("C:\Program Files (x86)\MiKTeX 2.9\tex\latex\amsmath\amsopn.sty"
Package: amsopn 1999/12/14 v2.01 operator names
)
\inf@bad=\count91
LaTeX Info: Redefining \frac on input line 210.
\uproot@=\count92
\leftroot@=\count93
LaTeX Info: Redefining \overline on input line 306.
\classnum@=\count94
\DOTSCASE@=\count95
LaTeX Info: Redefining \ldots on input line 378.
LaTeX Info: Redefining \dots on input line 381.
LaTeX Info: Redefining \cdots on input line 466.
\Mathstrutbox@=\box26
\strutbox@=\box27
\big@size=\dimen115
LaTeX Font Info:    Redeclaring font encoding OML on input line 566.
LaTeX Font Info:    Redeclaring font encoding OMS on input line 567.
\macc@depth=\count96
\c@MaxMatrixCols=\count97
\dotsspace@=\muskip10
\c@parentequation=\count98
\dspbrk@lvl=\count99
\tag@help=\toks21
\row@=\count100
\column@=\count101
\maxfields@=\count102
\andhelp@=\toks22
\eqnshift@=\dimen116
\alignsep@=\dimen117
\tagshift@=\dimen118
\tagwidth@=\dimen119
\totwidth@=\dimen120
\lineht@=\dimen121
\@envbody=\toks23
\multlinegap=\skip47
\multlinetaggap=\skip48
\mathdisplay@stack=\toks24
LaTeX Info: Redefining \[ on input line 2665.
LaTeX Info: Redefining \] on input line 2666.
)
("C:\Program Files (x86)\MiKTeX 2.9\tex\latex\graphics\graphicx.sty"
Package: graphicx 1999/02/16 v1.0f Enhanced LaTeX Graphics (DPC,SPQR)

("C:\Program Files (x86)\MiKTeX 2.9\tex\latex\graphics\graphics.sty"
Package: graphics 2009/02/05 v1.0o Standard LaTeX Graphics (DPC,SPQR)

("C:\Program Files (x86)\MiKTeX 2.9\tex\latex\graphics\trig.sty"
Package: trig 1999/03/16 v1.09 sin cos tan (DPC)
)
("C:\Program Files (x86)\MiKTeX 2.9\tex\latex\00miktex\graphics.cfg"
File: graphics.cfg 2007/01/18 v1.5 graphics configuration of teTeX/TeXLive
)
Package graphics Info: Driver file: pdftex.def on input line 91.
)
\Gin@req@height=\dimen122
\Gin@req@width=\dimen123
)
("C:\Program Files (x86)\MiKTeX 2.9\tex\latex\caption\caption.sty"
Package: caption 2013/05/02 v3.3-89 Customizing captions (AR)

("C:\Program Files (x86)\MiKTeX 2.9\tex\latex\caption\caption3.sty"
Package: caption3 2013/05/02 v1.6-88 caption3 kernel (AR)
Package caption3 Info: TeX engine: e-TeX on input line 57.
\captionmargin=\dimen124
\captionmargin@=\dimen125
\captionwidth=\dimen126
\caption@tempdima=\dimen127
\caption@indent=\dimen128
\caption@parindent=\dimen129
\caption@hangindent=\dimen130
)
\c@ContinuedFloat=\count103
)
("C:\Program Files (x86)\MiKTeX 2.9\tex\latex\caption\subcaption.sty"
Package: subcaption 2013/02/03 v1.1-62 Sub-captions (AR)
\c@subfigure=\count104
\c@subtable=\count105
)
("C:\Program Files (x86)\MiKTeX 2.9\tex\latex\tools\calc.sty"
Package: calc 2007/08/22 v4.3 Infix arithmetic (KKT,FJ)
\calc@Acount=\count106
\calc@Bcount=\count107
\calc@Adimen=\dimen131
\calc@Bdimen=\dimen132
\calc@Askip=\skip49
\calc@Bskip=\skip50
LaTeX Info: Redefining \setlength on input line 76.
LaTeX Info: Redefining \addtolength on input line 77.
\calc@Ccount=\count108
\calc@Cskip=\skip51
)
("C:\Program Files (x86)\MiKTeX 2.9\tex\latex\algorithmicx\algpseudocode.sty"
Package: algpseudocode 

("C:\Program Files (x86)\MiKTeX 2.9\tex\latex\base\ifthen.sty"
Package: ifthen 2001/05/26 v1.1c Standard LaTeX ifthen package (DPC)
)
("C:\Program Files (x86)\MiKTeX 2.9\tex\latex\algorithmicx\algorithmicx.sty"
Package: algorithmicx 2005/04/27 v1.2 Algorithmicx

Document Style algorithmicx 1.2 - a greatly improved `algorithmic' style
\c@ALG@line=\count109
\c@ALG@rem=\count110
\c@ALG@nested=\count111
\ALG@tlm=\skip52
\ALG@thistlm=\skip53
\c@ALG@Lnr=\count112
\c@ALG@blocknr=\count113
\c@ALG@storecount=\count114
\c@ALG@tmpcounter=\count115
\ALG@tmplength=\skip54
)
Document Style - pseudocode environments for use with the `algorithmicx' style
) ("C:\Program Files (x86)\MiKTeX 2.9\tex\latex\psnfss\pifont.sty"
Package: pifont 2005/04/12 PSNFSS-v9.2a Pi font support (SPQR) 
LaTeX Font Info:    Try loading font information for U+pzd on input line 63.

("C:\Program Files (x86)\MiKTeX 2.9\tex\latex\psnfss\upzd.fd"
File: upzd.fd 2001/06/04 font definitions for U/pzd.
)
LaTeX Font Info:    Try loading font information for U+psy on input line 64.

("C:\Program Files (x86)\MiKTeX 2.9\tex\latex\psnfss\upsy.fd"
File: upsy.fd 2001/06/04 font definitions for U/psy.
))
("C:\Program Files (x86)\MiKTeX 2.9\tex\latex\psnfss\courier.sty"
Package: courier 2005/04/12 PSNFSS-v9.2a (WaS) 
)
("C:\Program Files (x86)\MiKTeX 2.9\tex\latex\ltxmisc\relsize.sty"
Package: relsize 2003/07/04 ver 3.1
)
("C:\Program Files (x86)\MiKTeX 2.9\tex\latex\float\float.sty"
Package: float 2001/11/08 v1.3d Float enhancements (AL)
\c@float@type=\count116
\float@exts=\toks25
\float@box=\box28
\@float@everytoks=\toks26
\@floatcapt=\box29
)
("C:\Program Files (x86)\MiKTeX 2.9\tex\latex\amsfonts\amssymb.sty"
Package: amssymb 2013/01/14 v3.01 AMS font symbols

("C:\Program Files (x86)\MiKTeX 2.9\tex\latex\amsfonts\amsfonts.sty"
Package: amsfonts 2013/01/14 v3.01 Basic AMSFonts support
\symAMSa=\mathgroup4
\symAMSb=\mathgroup5
LaTeX Font Info:    Overwriting math alphabet `\mathfrak' in version `bold'
(Font)                  U/euf/m/n --> U/euf/b/n on input line 106.
))
("C:\Program Files (x86)\MiKTeX 2.9\tex\latex\pgf\frontendlayer\tikz.sty"
("C:\Program Files (x86)\MiKTeX 2.9\tex\latex\pgf\basiclayer\pgf.sty"
("C:\Program Files (x86)\MiKTeX 2.9\tex\latex\pgf\utilities\pgfrcs.sty"
("C:\Program Files (x86)\MiKTeX 2.9\tex\generic\pgf\utilities\pgfutil-common.te
x"
\pgfutil@everybye=\toks27
)
("C:\Program Files (x86)\MiKTeX 2.9\tex\generic\pgf\utilities\pgfutil-latex.def
"
\pgfutil@abb=\box30
 ("C:\Program Files (x86)\MiKTeX 2.9\tex\latex\ms\everyshi.sty"
Package: everyshi 2001/05/15 v3.00 EveryShipout Package (MS)
))
("C:\Program Files (x86)\MiKTeX 2.9\tex\generic\pgf\utilities\pgfrcs.code.tex"
Package: pgfrcs 2010/10/25 v2.10 (rcs-revision 1.24)
))
Package: pgf 2008/01/15 v2.10 (rcs-revision 1.12)
 ("C:\Program Files (x86)\MiKTeX 2.9\tex\latex\pgf\basiclayer\pgfcore.sty"
("C:\Program Files (x86)\MiKTeX 2.9\tex\latex\pgf\systemlayer\pgfsys.sty"
("C:\Program Files (x86)\MiKTeX 2.9\tex\generic\pgf\systemlayer\pgfsys.code.tex
"
Package: pgfsys 2010/06/30 v2.10 (rcs-revision 1.37)
 ("C:\Program Files (x86)\MiKTeX 2.9\tex\generic\pgf\utilities\pgfkeys.code.tex
"
\pgfkeys@pathtoks=\toks28
\pgfkeys@temptoks=\toks29

("C:\Program Files (x86)\MiKTeX 2.9\tex\generic\pgf\utilities\pgfkeysfiltered.c
ode.tex"
\pgfkeys@tmptoks=\toks30
))
\pgf@x=\dimen133
\pgf@y=\dimen134
\pgf@xa=\dimen135
\pgf@ya=\dimen136
\pgf@xb=\dimen137
\pgf@yb=\dimen138
\pgf@xc=\dimen139
\pgf@yc=\dimen140
\w@pgf@writea=\write3
\r@pgf@reada=\read1
\c@pgf@counta=\count117
\c@pgf@countb=\count118
\c@pgf@countc=\count119
\c@pgf@countd=\count120

("C:\Program Files (x86)\MiKTeX 2.9\tex\generic\pgf\systemlayer\pgf.cfg"
File: pgf.cfg 2008/05/14  (rcs-revision 1.7)
)
Package pgfsys Info: Driver file for pgf: pgfsys-pdftex.def on input line 900.

("C:\Program Files (x86)\MiKTeX 2.9\tex\generic\pgf\systemlayer\pgfsys-pdftex.d
ef"
File: pgfsys-pdftex.def 2009/05/22  (rcs-revision 1.26)

("C:\Program Files (x86)\MiKTeX 2.9\tex\generic\pgf\systemlayer\pgfsys-common-p
df.def"
File: pgfsys-common-pdf.def 2008/05/19  (rcs-revision 1.10)
)))
("C:\Program Files (x86)\MiKTeX 2.9\tex\generic\pgf\systemlayer\pgfsyssoftpath.
code.tex"
File: pgfsyssoftpath.code.tex 2008/07/18  (rcs-revision 1.7)
\pgfsyssoftpath@smallbuffer@items=\count121
\pgfsyssoftpath@bigbuffer@items=\count122
)
("C:\Program Files (x86)\MiKTeX 2.9\tex\generic\pgf\systemlayer\pgfsysprotocol.
code.tex"
File: pgfsysprotocol.code.tex 2006/10/16  (rcs-revision 1.4)
))
("C:\Program Files (x86)\MiKTeX 2.9\tex\generic\pgf\basiclayer\pgfcore.code.tex
"
Package: pgfcore 2010/04/11 v2.10 (rcs-revision 1.7)
 ("C:\Program Files (x86)\MiKTeX 2.9\tex\generic\pgf\math\pgfmath.code.tex"
("C:\Program Files (x86)\MiKTeX 2.9\tex\generic\pgf\math\pgfmathcalc.code.tex"
("C:\Program Files (x86)\MiKTeX 2.9\tex\generic\pgf\math\pgfmathutil.code.tex")
("C:\Program Files (x86)\MiKTeX 2.9\tex\generic\pgf\math\pgfmathparser.code.tex
"
\pgfmath@dimen=\dimen141
\pgfmath@count=\count123
\pgfmath@box=\box31
\pgfmath@toks=\toks31
\pgfmath@stack@operand=\toks32
\pgfmath@stack@operation=\toks33
)
("C:\Program Files (x86)\MiKTeX 2.9\tex\generic\pgf\math\pgfmathfunctions.code.
tex"
("C:\Program Files (x86)\MiKTeX 2.9\tex\generic\pgf\math\pgfmathfunctions.basic
.code.tex")
("C:\Program Files (x86)\MiKTeX 2.9\tex\generic\pgf\math\pgfmathfunctions.trigo
nometric.code.tex")
("C:\Program Files (x86)\MiKTeX 2.9\tex\generic\pgf\math\pgfmathfunctions.rando
m.code.tex")
("C:\Program Files (x86)\MiKTeX 2.9\tex\generic\pgf\math\pgfmathfunctions.compa
rison.code.tex")
("C:\Program Files (x86)\MiKTeX 2.9\tex\generic\pgf\math\pgfmathfunctions.base.
code.tex")
("C:\Program Files (x86)\MiKTeX 2.9\tex\generic\pgf\math\pgfmathfunctions.round
.code.tex")
("C:\Program Files (x86)\MiKTeX 2.9\tex\generic\pgf\math\pgfmathfunctions.misc.
code.tex")))
("C:\Program Files (x86)\MiKTeX 2.9\tex\generic\pgf\math\pgfmathfloat.code.tex"
\c@pgfmathroundto@lastzeros=\count124
))
("C:\Program Files (x86)\MiKTeX 2.9\tex\generic\pgf\basiclayer\pgfcorepoints.co
de.tex"
File: pgfcorepoints.code.tex 2010/04/09  (rcs-revision 1.20)
\pgf@picminx=\dimen142
\pgf@picmaxx=\dimen143
\pgf@picminy=\dimen144
\pgf@picmaxy=\dimen145
\pgf@pathminx=\dimen146
\pgf@pathmaxx=\dimen147
\pgf@pathminy=\dimen148
\pgf@pathmaxy=\dimen149
\pgf@xx=\dimen150
\pgf@xy=\dimen151
\pgf@yx=\dimen152
\pgf@yy=\dimen153
\pgf@zx=\dimen154
\pgf@zy=\dimen155
)
("C:\Program Files (x86)\MiKTeX 2.9\tex\generic\pgf\basiclayer\pgfcorepathconst
ruct.code.tex"
File: pgfcorepathconstruct.code.tex 2010/08/03  (rcs-revision 1.24)
\pgf@path@lastx=\dimen156
\pgf@path@lasty=\dimen157
)
("C:\Program Files (x86)\MiKTeX 2.9\tex\generic\pgf\basiclayer\pgfcorepathusage
.code.tex"
File: pgfcorepathusage.code.tex 2008/04/22  (rcs-revision 1.12)
\pgf@shorten@end@additional=\dimen158
\pgf@shorten@start@additional=\dimen159
)
("C:\Program Files (x86)\MiKTeX 2.9\tex\generic\pgf\basiclayer\pgfcorescopes.co
de.tex"
File: pgfcorescopes.code.tex 2010/09/08  (rcs-revision 1.34)
\pgfpic=\box32
\pgf@hbox=\box33
\pgf@layerbox@main=\box34
\pgf@picture@serial@count=\count125
)
("C:\Program Files (x86)\MiKTeX 2.9\tex\generic\pgf\basiclayer\pgfcoregraphicst
ate.code.tex"
File: pgfcoregraphicstate.code.tex 2008/04/22  (rcs-revision 1.9)
\pgflinewidth=\dimen160
)
("C:\Program Files (x86)\MiKTeX 2.9\tex\generic\pgf\basiclayer\pgfcoretransform
ations.code.tex"
File: pgfcoretransformations.code.tex 2009/06/10  (rcs-revision 1.11)
\pgf@pt@x=\dimen161
\pgf@pt@y=\dimen162
\pgf@pt@temp=\dimen163
)
("C:\Program Files (x86)\MiKTeX 2.9\tex\generic\pgf\basiclayer\pgfcorequick.cod
e.tex"
File: pgfcorequick.code.tex 2008/10/09  (rcs-revision 1.3)
)
("C:\Program Files (x86)\MiKTeX 2.9\tex\generic\pgf\basiclayer\pgfcoreobjects.c
ode.tex"
File: pgfcoreobjects.code.tex 2006/10/11  (rcs-revision 1.2)
)
("C:\Program Files (x86)\MiKTeX 2.9\tex\generic\pgf\basiclayer\pgfcorepathproce
ssing.code.tex"
File: pgfcorepathprocessing.code.tex 2008/10/09  (rcs-revision 1.8)
)
("C:\Program Files (x86)\MiKTeX 2.9\tex\generic\pgf\basiclayer\pgfcorearrows.co
de.tex"
File: pgfcorearrows.code.tex 2008/04/23  (rcs-revision 1.11)
)
("C:\Program Files (x86)\MiKTeX 2.9\tex\generic\pgf\basiclayer\pgfcoreshade.cod
e.tex"
File: pgfcoreshade.code.tex 2008/11/23  (rcs-revision 1.13)
\pgf@max=\dimen164
\pgf@sys@shading@range@num=\count126
)
("C:\Program Files (x86)\MiKTeX 2.9\tex\generic\pgf\basiclayer\pgfcoreimage.cod
e.tex"
File: pgfcoreimage.code.tex 2010/03/25  (rcs-revision 1.16)

("C:\Program Files (x86)\MiKTeX 2.9\tex\generic\pgf\basiclayer\pgfcoreexternal.
code.tex"
File: pgfcoreexternal.code.tex 2010/09/01  (rcs-revision 1.17)
\pgfexternal@startupbox=\box35
))
("C:\Program Files (x86)\MiKTeX 2.9\tex\generic\pgf\basiclayer\pgfcorelayers.co
de.tex"
File: pgfcorelayers.code.tex 2010/08/27  (rcs-revision 1.2)
)
("C:\Program Files (x86)\MiKTeX 2.9\tex\generic\pgf\basiclayer\pgfcoretranspare
ncy.code.tex"
File: pgfcoretransparency.code.tex 2008/01/17  (rcs-revision 1.2)
)
("C:\Program Files (x86)\MiKTeX 2.9\tex\generic\pgf\basiclayer\pgfcorepatterns.
code.tex"
File: pgfcorepatterns.code.tex 2009/07/02  (rcs-revision 1.3)
)))
("C:\Program Files (x86)\MiKTeX 2.9\tex\generic\pgf\modules\pgfmoduleshapes.cod
e.tex"
File: pgfmoduleshapes.code.tex 2010/09/09  (rcs-revision 1.13)
\pgfnodeparttextbox=\box36
)
("C:\Program Files (x86)\MiKTeX 2.9\tex\generic\pgf\modules\pgfmoduleplot.code.
tex"
File: pgfmoduleplot.code.tex 2010/10/22  (rcs-revision 1.8)
)
("C:\Program Files (x86)\MiKTeX 2.9\tex\latex\pgf\compatibility\pgfcomp-version
-0-65.sty"
Package: pgfcomp-version-0-65 2007/07/03 v2.10 (rcs-revision 1.7)
\pgf@nodesepstart=\dimen165
\pgf@nodesepend=\dimen166
)
("C:\Program Files (x86)\MiKTeX 2.9\tex\latex\pgf\compatibility\pgfcomp-version
-1-18.sty"
Package: pgfcomp-version-1-18 2007/07/23 v2.10 (rcs-revision 1.1)
))
("C:\Program Files (x86)\MiKTeX 2.9\tex\latex\pgf\utilities\pgffor.sty"
("C:\Program Files (x86)\MiKTeX 2.9\tex\latex\pgf\utilities\pgfkeys.sty"
("C:\Program Files (x86)\MiKTeX 2.9\tex\generic\pgf\utilities\pgfkeys.code.tex"
)) ("C:\Program Files (x86)\MiKTeX 2.9\tex\generic\pgf\utilities\pgffor.code.te
x"
Package: pgffor 2010/03/23 v2.10 (rcs-revision 1.18)
\pgffor@iter=\dimen167
\pgffor@skip=\dimen168
\pgffor@stack=\toks34
\pgffor@toks=\toks35
))
("C:\Program Files (x86)\MiKTeX 2.9\tex\generic\pgf\frontendlayer\tikz\tikz.cod
e.tex"
Package: tikz 2010/10/13 v2.10 (rcs-revision 1.76)

("C:\Program Files (x86)\MiKTeX 2.9\tex\generic\pgf\libraries\pgflibraryplothan
dlers.code.tex"
File: pgflibraryplothandlers.code.tex 2010/05/31 v2.10 (rcs-revision 1.15)
\pgf@plot@mark@count=\count127
\pgfplotmarksize=\dimen169
)
\tikz@lastx=\dimen170
\tikz@lasty=\dimen171
\tikz@lastxsaved=\dimen172
\tikz@lastysaved=\dimen173
\tikzleveldistance=\dimen174
\tikzsiblingdistance=\dimen175
\tikz@figbox=\box37
\tikz@tempbox=\box38
\tikztreelevel=\count128
\tikznumberofchildren=\count129
\tikznumberofcurrentchild=\count130
\tikz@fig@count=\count131

("C:\Program Files (x86)\MiKTeX 2.9\tex\generic\pgf\modules\pgfmodulematrix.cod
e.tex"
File: pgfmodulematrix.code.tex 2010/08/24  (rcs-revision 1.4)
\pgfmatrixcurrentrow=\count132
\pgfmatrixcurrentcolumn=\count133
\pgf@matrix@numberofcolumns=\count134
)
\tikz@expandcount=\count135

("C:\Program Files (x86)\MiKTeX 2.9\tex\generic\pgf\frontendlayer\tikz\librarie
s\tikzlibrarytopaths.code.tex"
File: tikzlibrarytopaths.code.tex 2008/06/17 v2.10 (rcs-revision 1.2)
)))
("C:\Program Files (x86)\MiKTeX 2.9\tex\generic\pgf\frontendlayer\tikz\librarie
s\tikzlibraryshapes.code.tex"
File: tikzlibraryshapes.code.tex 2008/01/09 v2.10 (rcs-revision 1.1)

("C:\Program Files (x86)\MiKTeX 2.9\tex\generic\pgf\frontendlayer\tikz\librarie
s\tikzlibraryshapes.geometric.code.tex"
File: tikzlibraryshapes.geometric.code.tex 2008/01/09 v2.10 (rcs-revision 1.1)

("C:\Program Files (x86)\MiKTeX 2.9\tex\generic\pgf\libraries\shapes\pgflibrary
shapes.geometric.code.tex"
File: pgflibraryshapes.geometric.code.tex 2008/06/26 v2.10 (rcs-revision 1.1)
))
("C:\Program Files (x86)\MiKTeX 2.9\tex\generic\pgf\frontendlayer\tikz\librarie
s\tikzlibraryshapes.misc.code.tex"
File: tikzlibraryshapes.misc.code.tex 2008/01/09 v2.10 (rcs-revision 1.1)

("C:\Program Files (x86)\MiKTeX 2.9\tex\generic\pgf\libraries\shapes\pgflibrary
shapes.misc.code.tex"
File: pgflibraryshapes.misc.code.tex 2008/10/07 v2.10 (rcs-revision 1.3)
))
("C:\Program Files (x86)\MiKTeX 2.9\tex\generic\pgf\frontendlayer\tikz\librarie
s\tikzlibraryshapes.symbols.code.tex"
File: tikzlibraryshapes.symbols.code.tex 2008/01/09 v2.10 (rcs-revision 1.1)

("C:\Program Files (x86)\MiKTeX 2.9\tex\generic\pgf\libraries\shapes\pgflibrary
shapes.symbols.code.tex"
File: pgflibraryshapes.symbols.code.tex 2009/10/27 v2.10 (rcs-revision 1.3)
))
("C:\Program Files (x86)\MiKTeX 2.9\tex\generic\pgf\frontendlayer\tikz\librarie
s\tikzlibraryshapes.arrows.code.tex"
File: tikzlibraryshapes.arrows.code.tex 2008/01/09 v2.10 (rcs-revision 1.1)

("C:\Program Files (x86)\MiKTeX 2.9\tex\generic\pgf\libraries\shapes\pgflibrary
shapes.arrows.code.tex"
File: pgflibraryshapes.arrows.code.tex 2008/06/26 v2.10 (rcs-revision 1.1)
))
("C:\Program Files (x86)\MiKTeX 2.9\tex\generic\pgf\frontendlayer\tikz\librarie
s\tikzlibraryshapes.callouts.code.tex"
("C:\Program Files (x86)\MiKTeX 2.9\tex\generic\pgf\libraries\shapes\pgflibrary
shapes.callouts.code.tex"))
("C:\Program Files (x86)\MiKTeX 2.9\tex\generic\pgf\frontendlayer\tikz\librarie
s\tikzlibraryshapes.multipart.code.tex"
File: tikzlibraryshapes.multipart.code.tex 2008/01/09 v2.10 (rcs-revision 1.1)

("C:\Program Files (x86)\MiKTeX 2.9\tex\generic\pgf\libraries\shapes\pgflibrary
shapes.multipart.code.tex"
File: pgflibraryshapes.multipart.code.tex 2010/01/07 v2.10 (rcs-revision 1.2)
\pgfnodepartlowerbox=\box39
\pgfnodeparttwobox=\box40
\pgfnodepartthreebox=\box41
\pgfnodepartfourbox=\box42
\pgfnodeparttwentybox=\box43
\pgfnodepartnineteenbox=\box44
\pgfnodeparteighteenbox=\box45
\pgfnodepartseventeenbox=\box46
\pgfnodepartsixteenbox=\box47
\pgfnodepartfifteenbox=\box48
\pgfnodepartfourteenbox=\box49
\pgfnodepartthirteenbox=\box50
\pgfnodeparttwelvebox=\box51
\pgfnodepartelevenbox=\box52
\pgfnodeparttenbox=\box53
\pgfnodepartninebox=\box54
\pgfnodeparteightbox=\box55
\pgfnodepartsevenbox=\box56
\pgfnodepartsixbox=\box57
\pgfnodepartfivebox=\box58
)))
("C:\Program Files (x86)\MiKTeX 2.9\tex\generic\pgf\frontendlayer\tikz\librarie
s\tikzlibraryarrows.code.tex"
File: tikzlibraryarrows.code.tex 2008/01/09 v2.10 (rcs-revision 1.1)

("C:\Program Files (x86)\MiKTeX 2.9\tex\generic\pgf\libraries\pgflibraryarrows.
code.tex"
File: pgflibraryarrows.code.tex 2008/10/27 v2.10 (rcs-revision 1.9)
\arrowsize=\dimen176
))
("C:\Program Files (x86)\MiKTeX 2.9\tex\generic\pgf\frontendlayer\tikz\librarie
s\tikzlibrarypositioning.code.tex"
File: tikzlibrarypositioning.code.tex 2008/10/06 v2.10 (rcs-revision 1.7)
)
("C:\Program Files (x86)\MiKTeX 2.9\tex\latex\hyperref\hyperref.sty"
Package: hyperref 2012/11/06 v6.83m Hypertext links for LaTeX

("C:\Program Files (x86)\MiKTeX 2.9\tex\generic\oberdiek\hobsub-hyperref.sty"
Package: hobsub-hyperref 2012/04/25 v1.12 Bundle oberdiek, subset hyperref (HO)


("C:\Program Files (x86)\MiKTeX 2.9\tex\generic\oberdiek\hobsub-generic.sty"
Package: hobsub-generic 2012/04/25 v1.12 Bundle oberdiek, subset generic (HO)
Package: hobsub 2012/04/25 v1.12 Construct package bundles (HO)
Package hobsub Info: Skipping package `infwarerr' (already loaded).
Package hobsub Info: Skipping package `ltxcmds' (already loaded).
Package: ifluatex 2010/03/01 v1.3 Provides the ifluatex switch (HO)
Package ifluatex Info: LuaTeX not detected.
Package hobsub Info: Skipping package `ifvtex' (already loaded).
Package: intcalc 2007/09/27 v1.1 Expandable calculations with integers (HO)
Package hobsub Info: Skipping package `ifpdf' (already loaded).
Package: etexcmds 2011/02/16 v1.5 Avoid name clashes with e-TeX commands (HO)
Package etexcmds Info: Could not find \expanded.
(etexcmds)             That can mean that you are not using pdfTeX 1.50 or
(etexcmds)             that some package has redefined \expanded.
(etexcmds)             In the latter case, load this package earlier.
Package: kvsetkeys 2012/04/25 v1.16 Key value parser (HO)
Package: kvdefinekeys 2011/04/07 v1.3 Define keys (HO)
Package: pdftexcmds 2011/11/29 v0.20 Utility functions of pdfTeX for LuaTeX (HO
)
Package pdftexcmds Info: LuaTeX not detected.
Package pdftexcmds Info: \pdf@primitive is available.
Package pdftexcmds Info: \pdf@ifprimitive is available.
Package pdftexcmds Info: \pdfdraftmode found.
Package: pdfescape 2011/11/25 v1.13 Implements pdfTeX's escape features (HO)
Package: bigintcalc 2012/04/08 v1.3 Expandable calculations on big integers (HO
)
Package: bitset 2011/01/30 v1.1 Handle bit-vector datatype (HO)
Package: uniquecounter 2011/01/30 v1.2 Provide unlimited unique counter (HO)
)
Package hobsub Info: Skipping package `hobsub' (already loaded).
Package: letltxmacro 2010/09/02 v1.4 Let assignment for LaTeX macros (HO)
Package: hopatch 2011/06/24 v1.1 Wrapper for package hooks (HO)
Package: xcolor-patch 2011/01/30 xcolor patch
Package: atveryend 2011/06/30 v1.8 Hooks at the very end of document (HO)
Package atveryend Info: \enddocument detected (standard20110627).
Package: atbegshi 2011/10/05 v1.16 At begin shipout hook (HO)
Package: refcount 2011/10/16 v3.4 Data extraction from label references (HO)
Package: hycolor 2011/01/30 v1.7 Color options for hyperref/bookmark (HO)
)
("C:\Program Files (x86)\MiKTeX 2.9\tex\latex\oberdiek\auxhook.sty"
Package: auxhook 2011/03/04 v1.3 Hooks for auxiliary files (HO)
)
("C:\Program Files (x86)\MiKTeX 2.9\tex\latex\oberdiek\kvoptions.sty"
Package: kvoptions 2011/06/30 v3.11 Key value format for package options (HO)
)
\@linkdim=\dimen177
\Hy@linkcounter=\count136
\Hy@pagecounter=\count137

("C:\Program Files (x86)\MiKTeX 2.9\tex\latex\hyperref\pd1enc.def"
File: pd1enc.def 2012/11/06 v6.83m Hyperref: PDFDocEncoding definition (HO)
Now handling font encoding PD1 ...
... no UTF-8 mapping file for font encoding PD1
)
\Hy@SavedSpaceFactor=\count138

("C:\Program Files (x86)\MiKTeX 2.9\tex\latex\00miktex\hyperref.cfg"
File: hyperref.cfg 2002/06/06 v1.2 hyperref configuration of TeXLive
)
Package hyperref Info: Hyper figures OFF on input line 4443.
Package hyperref Info: Link nesting OFF on input line 4448.
Package hyperref Info: Hyper index ON on input line 4451.
Package hyperref Info: Plain pages OFF on input line 4458.
Package hyperref Info: Backreferencing OFF on input line 4463.
Package hyperref Info: Implicit mode ON; LaTeX internals redefined.
Package hyperref Info: Bookmarks ON on input line 4688.
\c@Hy@tempcnt=\count139

("C:\Program Files (x86)\MiKTeX 2.9\tex\latex\ltxmisc\url.sty"
\Urlmuskip=\muskip11
Package: url 2006/04/12  ver 3.3  Verb mode for urls, etc.
)
LaTeX Info: Redefining \url on input line 5041.
\XeTeXLinkMargin=\dimen178
\Fld@menulength=\count140
\Field@Width=\dimen179
\Fld@charsize=\dimen180
Package hyperref Info: Hyper figures OFF on input line 6295.
Package hyperref Info: Link nesting OFF on input line 6300.
Package hyperref Info: Hyper index ON on input line 6303.
Package hyperref Info: backreferencing OFF on input line 6310.
Package hyperref Info: Link coloring OFF on input line 6315.
Package hyperref Info: Link coloring with OCG OFF on input line 6320.
Package hyperref Info: PDF/A mode OFF on input line 6325.
LaTeX Info: Redefining \ref on input line 6365.
LaTeX Info: Redefining \pageref on input line 6369.
\Hy@abspage=\count141
\c@Item=\count142
\c@Hfootnote=\count143
)

Package hyperref Message: Driver (autodetected): hpdftex.

("C:\Program Files (x86)\MiKTeX 2.9\tex\latex\hyperref\hpdftex.def"
File: hpdftex.def 2012/11/06 v6.83m Hyperref driver for pdfTeX
\Fld@listcount=\count144
\c@bookmark@seq@number=\count145

("C:\Program Files (x86)\MiKTeX 2.9\tex\latex\oberdiek\rerunfilecheck.sty"
Package: rerunfilecheck 2011/04/15 v1.7 Rerun checks for auxiliary files (HO)
Package uniquecounter Info: New unique counter `rerunfilecheck' on input line 2
82.
)
\Hy@SectionHShift=\skip55
)
("C:\Program Files (x86)\MiKTeX 2.9\tex\latex\upquote\upquote.sty"
Package: upquote 2012/04/19 v1.3 upright-quote and grave-accent glyphs in verba
tim

("C:\Program Files (x86)\MiKTeX 2.9\tex\latex\base\textcomp.sty"
Package: textcomp 2005/09/27 v1.99g Standard LaTeX package
Package textcomp Info: Sub-encoding information:
(textcomp)               5 = only ISO-Adobe without \textcurrency
(textcomp)               4 = 5 + \texteuro
(textcomp)               3 = 4 + \textohm
(textcomp)               2 = 3 + \textestimated + \textcurrency
(textcomp)               1 = TS1 - \textcircled - \t
(textcomp)               0 = TS1 (full)
(textcomp)             Font families with sub-encoding setting implement
(textcomp)             only a restricted character set as indicated.
(textcomp)             Family '?' is the default used for unknown fonts.
(textcomp)             See the documentation for details.
Package textcomp Info: Setting ? sub-encoding to TS1/1 on input line 71.

("C:\Program Files (x86)\MiKTeX 2.9\tex\latex\base\ts1enc.def"
File: ts1enc.def 2001/06/05 v3.0e (jk/car/fm) Standard LaTeX file
Now handling font encoding TS1 ...
... processing UTF-8 mapping file for font encoding TS1

("C:\Program Files (x86)\MiKTeX 2.9\tex\latex\base\ts1enc.dfu"
File: ts1enc.dfu 2008/04/05 v1.1m UTF-8 support for inputenc
   defining Unicode char U+00A2 (decimal 162)
   defining Unicode char U+00A3 (decimal 163)
   defining Unicode char U+00A4 (decimal 164)
   defining Unicode char U+00A5 (decimal 165)
   defining Unicode char U+00A6 (decimal 166)
   defining Unicode char U+00A7 (decimal 167)
   defining Unicode char U+00A8 (decimal 168)
   defining Unicode char U+00A9 (decimal 169)
   defining Unicode char U+00AA (decimal 170)
   defining Unicode char U+00AC (decimal 172)
   defining Unicode char U+00AE (decimal 174)
   defining Unicode char U+00AF (decimal 175)
   defining Unicode char U+00B0 (decimal 176)
   defining Unicode char U+00B1 (decimal 177)
   defining Unicode char U+00B2 (decimal 178)
   defining Unicode char U+00B3 (decimal 179)
   defining Unicode char U+00B4 (decimal 180)
   defining Unicode char U+00B5 (decimal 181)
   defining Unicode char U+00B6 (decimal 182)
   defining Unicode char U+00B7 (decimal 183)
   defining Unicode char U+00B9 (decimal 185)
   defining Unicode char U+00BA (decimal 186)
   defining Unicode char U+00BC (decimal 188)
   defining Unicode char U+00BD (decimal 189)
   defining Unicode char U+00BE (decimal 190)
   defining Unicode char U+00D7 (decimal 215)
   defining Unicode char U+00F7 (decimal 247)
   defining Unicode char U+0192 (decimal 402)
   defining Unicode char U+02C7 (decimal 711)
   defining Unicode char U+02D8 (decimal 728)
   defining Unicode char U+02DD (decimal 733)
   defining Unicode char U+0E3F (decimal 3647)
   defining Unicode char U+2016 (decimal 8214)
   defining Unicode char U+2020 (decimal 8224)
   defining Unicode char U+2021 (decimal 8225)
   defining Unicode char U+2022 (decimal 8226)
   defining Unicode char U+2030 (decimal 8240)
   defining Unicode char U+2031 (decimal 8241)
   defining Unicode char U+203B (decimal 8251)
   defining Unicode char U+203D (decimal 8253)
   defining Unicode char U+2044 (decimal 8260)
   defining Unicode char U+204E (decimal 8270)
   defining Unicode char U+2052 (decimal 8274)
   defining Unicode char U+20A1 (decimal 8353)
   defining Unicode char U+20A4 (decimal 8356)
   defining Unicode char U+20A6 (decimal 8358)
   defining Unicode char U+20A9 (decimal 8361)
   defining Unicode char U+20AB (decimal 8363)
   defining Unicode char U+20AC (decimal 8364)
   defining Unicode char U+20B1 (decimal 8369)
   defining Unicode char U+2103 (decimal 8451)
   defining Unicode char U+2116 (decimal 8470)
   defining Unicode char U+2117 (decimal 8471)
   defining Unicode char U+211E (decimal 8478)
   defining Unicode char U+2120 (decimal 8480)
   defining Unicode char U+2122 (decimal 8482)
   defining Unicode char U+2126 (decimal 8486)
   defining Unicode char U+2127 (decimal 8487)
   defining Unicode char U+212E (decimal 8494)
   defining Unicode char U+2190 (decimal 8592)
   defining Unicode char U+2191 (decimal 8593)
   defining Unicode char U+2192 (decimal 8594)
   defining Unicode char U+2193 (decimal 8595)
   defining Unicode char U+2329 (decimal 9001)
   defining Unicode char U+232A (decimal 9002)
   defining Unicode char U+2422 (decimal 9250)
   defining Unicode char U+25E6 (decimal 9702)
   defining Unicode char U+25EF (decimal 9711)
   defining Unicode char U+266A (decimal 9834)
))
LaTeX Info: Redefining \oldstylenums on input line 266.
Package textcomp Info: Setting cmr sub-encoding to TS1/0 on input line 281.
Package textcomp Info: Setting cmss sub-encoding to TS1/0 on input line 282.
Package textcomp Info: Setting cmtt sub-encoding to TS1/0 on input line 283.
Package textcomp Info: Setting cmvtt sub-encoding to TS1/0 on input line 284.
Package textcomp Info: Setting cmbr sub-encoding to TS1/0 on input line 285.
Package textcomp Info: Setting cmtl sub-encoding to TS1/0 on input line 286.
Package textcomp Info: Setting ccr sub-encoding to TS1/0 on input line 287.
Package textcomp Info: Setting ptm sub-encoding to TS1/4 on input line 288.
Package textcomp Info: Setting pcr sub-encoding to TS1/4 on input line 289.
Package textcomp Info: Setting phv sub-encoding to TS1/4 on input line 290.
Package textcomp Info: Setting ppl sub-encoding to TS1/3 on input line 291.
Package textcomp Info: Setting pag sub-encoding to TS1/4 on input line 292.
Package textcomp Info: Setting pbk sub-encoding to TS1/4 on input line 293.
Package textcomp Info: Setting pnc sub-encoding to TS1/4 on input line 294.
Package textcomp Info: Setting pzc sub-encoding to TS1/4 on input line 295.
Package textcomp Info: Setting bch sub-encoding to TS1/4 on input line 296.
Package textcomp Info: Setting put sub-encoding to TS1/5 on input line 297.
Package textcomp Info: Setting uag sub-encoding to TS1/5 on input line 298.
Package textcomp Info: Setting ugq sub-encoding to TS1/5 on input line 299.
Package textcomp Info: Setting ul8 sub-encoding to TS1/4 on input line 300.
Package textcomp Info: Setting ul9 sub-encoding to TS1/4 on input line 301.
Package textcomp Info: Setting augie sub-encoding to TS1/5 on input line 302.
Package textcomp Info: Setting dayrom sub-encoding to TS1/3 on input line 303.
Package textcomp Info: Setting dayroms sub-encoding to TS1/3 on input line 304.

Package textcomp Info: Setting pxr sub-encoding to TS1/0 on input line 305.
Package textcomp Info: Setting pxss sub-encoding to TS1/0 on input line 306.
Package textcomp Info: Setting pxtt sub-encoding to TS1/0 on input line 307.
Package textcomp Info: Setting txr sub-encoding to TS1/0 on input line 308.
Package textcomp Info: Setting txss sub-encoding to TS1/0 on input line 309.
Package textcomp Info: Setting txtt sub-encoding to TS1/0 on input line 310.
Package textcomp Info: Setting lmr sub-encoding to TS1/0 on input line 311.
Package textcomp Info: Setting lmdh sub-encoding to TS1/0 on input line 312.
Package textcomp Info: Setting lmss sub-encoding to TS1/0 on input line 313.
Package textcomp Info: Setting lmssq sub-encoding to TS1/0 on input line 314.
Package textcomp Info: Setting lmvtt sub-encoding to TS1/0 on input line 315.
Package textcomp Info: Setting qhv sub-encoding to TS1/0 on input line 316.
Package textcomp Info: Setting qag sub-encoding to TS1/0 on input line 317.
Package textcomp Info: Setting qbk sub-encoding to TS1/0 on input line 318.
Package textcomp Info: Setting qcr sub-encoding to TS1/0 on input line 319.
Package textcomp Info: Setting qcs sub-encoding to TS1/0 on input line 320.
Package textcomp Info: Setting qpl sub-encoding to TS1/0 on input line 321.
Package textcomp Info: Setting qtm sub-encoding to TS1/0 on input line 322.
Package textcomp Info: Setting qzc sub-encoding to TS1/0 on input line 323.
Package textcomp Info: Setting qhvc sub-encoding to TS1/0 on input line 324.
Package textcomp Info: Setting futs sub-encoding to TS1/4 on input line 325.
Package textcomp Info: Setting futx sub-encoding to TS1/4 on input line 326.
Package textcomp Info: Setting futj sub-encoding to TS1/4 on input line 327.
Package textcomp Info: Setting hlh sub-encoding to TS1/3 on input line 328.
Package textcomp Info: Setting hls sub-encoding to TS1/3 on input line 329.
Package textcomp Info: Setting hlst sub-encoding to TS1/3 on input line 330.
Package textcomp Info: Setting hlct sub-encoding to TS1/5 on input line 331.
Package textcomp Info: Setting hlx sub-encoding to TS1/5 on input line 332.
Package textcomp Info: Setting hlce sub-encoding to TS1/5 on input line 333.
Package textcomp Info: Setting hlcn sub-encoding to TS1/5 on input line 334.
Package textcomp Info: Setting hlcw sub-encoding to TS1/5 on input line 335.
Package textcomp Info: Setting hlcf sub-encoding to TS1/5 on input line 336.
Package textcomp Info: Setting pplx sub-encoding to TS1/3 on input line 337.
Package textcomp Info: Setting pplj sub-encoding to TS1/3 on input line 338.
Package textcomp Info: Setting ptmx sub-encoding to TS1/4 on input line 339.
Package textcomp Info: Setting ptmj sub-encoding to TS1/4 on input line 340.
))
("C:\Program Files (x86)\MiKTeX 2.9\tex\latex\natbib\natbib.sty"
Package: natbib 2010/09/13 8.31b (PWD, AO)
\bibhang=\skip56
\bibsep=\skip57
LaTeX Info: Redefining \cite on input line 694.
\c@NAT@ctr=\count146
)
("C:\Program Files (x86)\MiKTeX 2.9\tex\latex\biblatex\biblatex.sty"
Package: biblatex 2014/06/25 v2.9a programmable bibliographies (PK/JW/AB)

("C:\Program Files (x86)\MiKTeX 2.9\tex\latex\biblatex\biblatex1.sty"
Package: biblatex1 2014/06/25 v2.9a programmable bibliographies (bibtex) (PK/JW
/AB)

("C:\Program Files (x86)\MiKTeX 2.9\tex\latex\etoolbox\etoolbox.sty"
Package: etoolbox 2015/03/19 v2.1d e-TeX tools for LaTeX (JAW)

("C:\Program Files (x86)\MiKTeX 2.9\tex\latex\misc\etex.sty"
Package: etex 1998/03/26 v2.0 eTeX basic definition package (PEB)
\et@xins=\count147
)
\etb@tempcnta=\count148
)
("C:\Program Files (x86)\MiKTeX 2.9\tex\latex\logreq\logreq.sty"
Package: logreq 2010/08/04 v1.0 xml request logger
\lrq@indent=\count149

("C:\Program Files (x86)\MiKTeX 2.9\tex\latex\logreq\logreq.def"
File: logreq.def 2010/08/04 v1.0 logreq spec v1.0
))
\c@tabx@nest=\count150
\c@listtotal=\count151
\c@listcount=\count152
\c@liststart=\count153
\c@liststop=\count154
\c@citecount=\count155
\c@citetotal=\count156
\c@multicitecount=\count157
\c@multicitetotal=\count158
\c@instcount=\count159
\c@maxnames=\count160
\c@minnames=\count161
\c@maxitems=\count162
\c@minitems=\count163
\c@citecounter=\count164
\c@savedcitecounter=\count165
\c@uniquelist=\count166
\c@uniquename=\count167
\c@refsection=\count168
\c@refsegment=\count169
\c@maxextrayear=\count170
\c@maxextraalpha=\count171
\c@abbrvpenalty=\count172
\c@highnamepenalty=\count173
\c@lownamepenalty=\count174
\c@maxparens=\count175
\c@parenlevel=\count176
\blx@tempcnta=\count177
\blx@tempcntb=\count178
\blx@tempcntc=\count179
\blx@maxsection=\count180
\blx@maxsegment=\count181
\blx@notetype=\count182
\blx@parenlevel@text=\count183
\blx@parenlevel@foot=\count184
\labelnumberwidth=\skip58
\labelalphawidth=\skip59
\shorthandwidth=\skip60
\biblabelsep=\skip61
\bibitemsep=\skip62
\bibnamesep=\skip63
\bibinitsep=\skip64
\bibparsep=\skip65
\bibhang=\skip66
\blx@auxin=\read2
\blx@auxout=\write4
\c@mincomprange=\count185
\c@maxcomprange=\count186
\c@mincompwidth=\count187
\c@labelname=\count188
\c@savedlabelname=\count189
\c@author=\count190
\c@savedauthor=\count191
\c@shortauthor=\count192
\c@savedshortauthor=\count193
\c@editor=\count194
\c@savededitor=\count195
\c@editora=\count196
\c@savededitora=\count197
\c@editorb=\count198
\c@savededitorb=\count199
\c@editorc=\count200
\c@savededitorc=\count201
\c@shorteditor=\count202
\c@savedshorteditor=\count203
\c@bookauthor=\count204
\c@savedbookauthor=\count205
\c@translator=\count206
\c@savedtranslator=\count207
\c@annotator=\count208
\c@savedannotator=\count209
\c@commentator=\count210
\c@savedcommentator=\count211
\c@introduction=\count212
\c@savedintroduction=\count213
\c@foreword=\count214
\c@savedforeword=\count215
\c@afterword=\count216
\c@savedafterword=\count217
\c@holder=\count218
\c@savedholder=\count219
\c@namea=\count220
\c@savednamea=\count221
\c@nameb=\count222
\c@savednameb=\count223
\c@namec=\count224
\c@savednamec=\count225
\c@institution=\count226
\c@savedinstitution=\count227
\c@language=\count228
\c@savedlanguage=\count229
\c@location=\count230
\c@savedlocation=\count231
\c@organization=\count232
\c@savedorganization=\count233
Normal \count register pool exhausted, switching to extended pool.
\c@origlocation=\count277
\c@savedoriglocation=\count278
\c@origpublisher=\count279
\c@savedorigpublisher=\count280
\c@pageref=\count281
\c@savedpageref=\count282
\c@publisher=\count283
\c@savedpublisher=\count284
\c@lista=\count285
\c@savedlista=\count286
\c@listb=\count287
\c@savedlistb=\count288
\c@listc=\count289
\c@savedlistc=\count290
\c@listd=\count291
\c@savedlistd=\count292
\c@liste=\count293
\c@savedliste=\count294
\c@listf=\count295
\c@savedlistf=\count296
Package biblatex Info: Trying to load compatibility code...
Package biblatex Info: ... file 'blx-compat.def' found.

("C:\Program Files (x86)\MiKTeX 2.9\tex\latex\biblatex\blx-compat.def"
File: blx-compat.def 2014/06/25 v2.9a biblatex compatibility (PK/JW/AB)
)
Package biblatex Info: Trying to load generic definitions...
Package biblatex Info: ... file 'biblatex.def' found.

("C:\Program Files (x86)\MiKTeX 2.9\tex\latex\biblatex\biblatex.def"
File: biblatex.def 
\c@textcitecount=\count297
\c@textcitetotal=\count298
\c@textcitemaxnames=\count299
\c@biburlnumpenalty=\count300
\c@biburlucpenalty=\count301
\c@biburllcpenalty=\count302
\c@smartand=\count303


Package biblatex Warning: Redefining '\citeauthor'.


Package biblatex Warning: Redefining '\citeyear'.

)
Package biblatex Info: Trying to load bibliography style 'numeric'...
Package biblatex Info: ... file 'numeric.bbx' found.
 ("C:\Program Files (x86)\MiKTeX 2.9\tex\latex\biblatex\bbx\numeric.bbx"
File: numeric.bbx 2014/06/25 v2.9a biblatex bibliography style (PK/JW/AB)
Package biblatex Info: Trying to load bibliography style 'standard'...
Package biblatex Info: ... file 'standard.bbx' found.

("C:\Program Files (x86)\MiKTeX 2.9\tex\latex\biblatex\bbx\standard.bbx"
File: standard.bbx 2014/06/25 v2.9a biblatex bibliography style (PK/JW/AB)
\c@bbx:relatedcount=\count304
\c@bbx:relatedtotal=\count305
))
Package biblatex Info: Trying to load citation style 'numeric'...
Package biblatex Info: ... file 'numeric.cbx' found.

("C:\Program Files (x86)\MiKTeX 2.9\tex\latex\biblatex\cbx\numeric.cbx"
File: numeric.cbx 2014/06/25 v2.9a biblatex citation style (PK/JW/AB)
Package biblatex Info: Redefining '\cite'.
Package biblatex Info: Redefining '\parencite'.
Package biblatex Info: Redefining '\footcite'.
Package biblatex Info: Redefining '\footcitetext'.
Package biblatex Info: Redefining '\smartcite'.
Package biblatex Info: Redefining '\supercite'.
Package biblatex Info: Redefining '\textcite'.
Package biblatex Info: Redefining '\textcites'.
Package biblatex Info: Redefining '\cites'.
Package biblatex Info: Redefining '\parencites'.
Package biblatex Info: Redefining '\smartcites'.
)
Package biblatex Info: Trying to load configuration file...
Package biblatex Info: ... file 'biblatex.cfg' found.

("C:\Program Files (x86)\MiKTeX 2.9\tex\latex\biblatex\biblatex.cfg"
File: biblatex.cfg 
)))
("C:\Program Files (x86)\MiKTeX 2.9\tex\latex\listings\listings.sty"
\lst@mode=\count306
\lst@gtempboxa=\box59
\lst@token=\toks36
\lst@length=\count307
\lst@currlwidth=\dimen181
\lst@column=\count308
\lst@pos=\count309
\lst@lostspace=\dimen182
\lst@width=\dimen183
\lst@newlines=\count310
\lst@lineno=\count311
\lst@maxwidth=\dimen184

("C:\Program Files (x86)\MiKTeX 2.9\tex\latex\listings\lstmisc.sty"
File: lstmisc.sty 2013/08/26 1.5b (Carsten Heinz)
\c@lstnumber=\count312
\lst@skipnumbers=\count313
\lst@framebox=\box60
)
("C:\Program Files (x86)\MiKTeX 2.9\tex\latex\listings\listings.cfg"
File: listings.cfg 2013/08/26 1.5b listings configuration
))
Package: listings 2013/08/26 1.5b (Carsten Heinz)

("C:\Program Files (x86)\MiKTeX 2.9\tex\latex\listings\lstlang1.sty"
File: lstlang1.sty 2013/08/26 1.5b listings language file
)
("C:\Program Files (x86)\MiKTeX 2.9\tex\latex\listings\lstmisc.sty"
File: lstmisc.sty 2013/08/26 1.5b (Carsten Heinz)
)
Package biblatex Info: Trying to load language 'english'...
Package biblatex Info: ... file 'english.lbx' found.

("C:\Program Files (x86)\MiKTeX 2.9\tex\latex\biblatex\lbx\english.lbx"
File: english.lbx 2014/06/25 v2.9a biblatex localization (PK/JW/AB)
)
\@quotelevel=\count314
\@quotereset=\count315

(C:\Users\Martin\Documents\Uni\Bachelor\Code\ScanForMatch\Report.aux)
LaTeX Font Info:    Checking defaults for OML/cmm/m/it on input line 88.
LaTeX Font Info:    ... okay on input line 88.
LaTeX Font Info:    Checking defaults for T1/cmr/m/n on input line 88.
LaTeX Font Info:    ... okay on input line 88.
LaTeX Font Info:    Checking defaults for OT1/cmr/m/n on input line 88.
LaTeX Font Info:    ... okay on input line 88.
LaTeX Font Info:    Checking defaults for OMS/cmsy/m/n on input line 88.
LaTeX Font Info:    ... okay on input line 88.
LaTeX Font Info:    Checking defaults for OMX/cmex/m/n on input line 88.
LaTeX Font Info:    ... okay on input line 88.
LaTeX Font Info:    Checking defaults for U/cmr/m/n on input line 88.
LaTeX Font Info:    ... okay on input line 88.
LaTeX Font Info:    Checking defaults for PD1/pdf/m/n on input line 88.
LaTeX Font Info:    ... okay on input line 88.
LaTeX Font Info:    Checking defaults for TS1/cmr/m/n on input line 88.
LaTeX Font Info:    Try loading font information for TS1+cmr on input line 88.

("C:\Program Files (x86)\MiKTeX 2.9\tex\latex\base\ts1cmr.fd"
File: ts1cmr.fd 1999/05/25 v2.5h Standard LaTeX font definitions
)
LaTeX Font Info:    ... okay on input line 88.

*geometry* driver: auto-detecting
*geometry* detected driver: pdftex
*geometry* verbose mode - [ preamble ] result:
* driver: pdftex
* paper: <default>
* layout: <same size as paper>
* layoutoffset:(h,v)=(0.0pt,0.0pt)
* modes: 
* h-part:(L,W,R)=(72.26999pt, 469.75502pt, 72.26999pt)
* v-part:(T,H,B)=(72.26999pt, 650.43001pt, 72.26999pt)
* \paperwidth=614.295pt
* \paperheight=794.96999pt
* \textwidth=469.75502pt
* \textheight=650.43001pt
* \oddsidemargin=0.0pt
* \evensidemargin=0.0pt
* \topmargin=-18.93251pt
* \headheight=12.0pt
* \headsep=25.0pt
* \topskip=12.0pt
* \footskip=30.0pt
* \marginparwidth=44.0pt
* \marginparsep=10.0pt
* \columnsep=10.0pt
* \skip\footins=10.8pt plus 4.0pt minus 2.0pt
* \hoffset=0.0pt
* \voffset=0.0pt
* \mag=1000
* \@twocolumnfalse
* \@twosidefalse
* \@mparswitchfalse
* \@reversemarginfalse
* (1in=72.27pt=25.4mm, 1cm=28.453pt)

("C:\Program Files (x86)\MiKTeX 2.9\tex\context\base\supp-pdf.mkii"
[Loading MPS to PDF converter (version 2006.09.02).]
\scratchcounter=\count316
\scratchdimen=\dimen185
\scratchbox=\box61
\nofMPsegments=\count317
\nofMParguments=\count318
\everyMPshowfont=\toks37
\MPscratchCnt=\count319
\MPscratchDim=\dimen186
\MPnumerator=\count320
\makeMPintoPDFobject=\count321
\everyMPtoPDFconversion=\toks38
)
Package caption Info: Begin \AtBeginDocument code.
Package caption Info: float package is loaded.
Package caption Info: hyperref package is loaded.
Package caption Info: listings package is loaded.
Package caption Info: End \AtBeginDocument code.
 ABD: EveryShipout initializing macros
\AtBeginShipoutBox=\box62
Package hyperref Info: Link coloring OFF on input line 88.

("C:\Program Files (x86)\MiKTeX 2.9\tex\latex\hyperref\nameref.sty"
Package: nameref 2012/10/27 v2.43 Cross-referencing by name of section

("C:\Program Files (x86)\MiKTeX 2.9\tex\generic\oberdiek\gettitlestring.sty"
Package: gettitlestring 2010/12/03 v1.4 Cleanup title references (HO)
)
\c@section@level=\count322
)
LaTeX Info: Redefining \ref on input line 88.
LaTeX Info: Redefining \pageref on input line 88.
LaTeX Info: Redefining \nameref on input line 88.

(C:\Users\Martin\Documents\Uni\Bachelor\Code\ScanForMatch\Report.out)
(C:\Users\Martin\Documents\Uni\Bachelor\Code\ScanForMatch\Report.out)
\@outlinefile=\write5
Package biblatex Info: Input encoding 'utf8' detected.
Package biblatex Info: Automatic encoding selection.
(biblatex)             Assuming data encoding 'utf8'.


Package biblatex Warning: Data encoding is 'utf8'.
(biblatex)                Use backend=biber.

Package biblatex Info: Trying to load bibliographic data...
Package biblatex Info: ... file 'Report.bbl' found.
(C:\Users\Martin\Documents\Uni\Bachelor\Code\ScanForMatch\Report.bbl)
Package biblatex Info: Reference section=0 on input line 88.
Package biblatex Info: Reference segment=0 on input line 88.
\c@lstlisting=\count323


LaTeX Font Warning: Font shape `OT1/cmr/bx/sc' undefined
(Font)              using `OT1/cmr/bx/n' instead on input line 95.

[1

{C:/ProgramData/MiKTeX/2.9/pdftex/config/pdftex.map}]
(C:\Users\Martin\Documents\Uni\Bachelor\Code\ScanForMatch\Report.toc
LaTeX Font Info:    Try loading font information for OT1+pcr on input line 7.

("C:\Program Files (x86)\MiKTeX 2.9\tex\latex\psnfss\ot1pcr.fd"
File: ot1pcr.fd 2001/06/04 font definitions for OT1/pcr.
)
LaTeX Font Info:    Try loading font information for U+msa on input line 7.

("C:\Program Files (x86)\MiKTeX 2.9\tex\latex\amsfonts\umsa.fd"
File: umsa.fd 2013/01/14 v3.01 AMS symbols A
)
LaTeX Font Info:    Try loading font information for U+msb on input line 7.

("C:\Program Files (x86)\MiKTeX 2.9\tex\latex\amsfonts\umsb.fd"
File: umsb.fd 2013/01/14 v3.01 AMS symbols B
))
\tf@toc=\write6
pdfTeX warning (ext4): destination with the same identifier (name{page.1}) has 
been already used, duplicate ignored
<to be read again> 
                   \relax 
l.105 \tableofcontents \newpage
                                [1]
Underfull \hbox (badness 10000) in paragraph at lines 108--126

 []


Underfull \hbox (badness 10000) in paragraph at lines 108--126

 []


Underfull \hbox (badness 10000) in paragraph at lines 108--126

 []


Underfull \hbox (badness 10000) in paragraph at lines 108--126

 []


Underfull \hbox (badness 10000) in paragraph at lines 108--126

 []

LaTeX Font Info:    Font shape `OT1/pcr/bx/n' in size <14.4> not available
(Font)              Font shape `OT1/pcr/b/n' tried instead on input line 127.

Underfull \hbox (badness 10000) in paragraph at lines 128--143

 []


Underfull \hbox (badness 10000) in paragraph at lines 128--143

 []


Underfull \hbox (badness 10000) in paragraph at lines 128--143

 []

[2]
Underfull \hbox (badness 10000) in paragraph at lines 144--148

 []


Underfull \hbox (badness 10000) in paragraph at lines 148--152

 []


Underfull \hbox (badness 10000) in paragraph at lines 152--162

 []


Underfull \hbox (badness 10000) in paragraph at lines 152--162

 []


Underfull \hbox (badness 10000) in paragraph at lines 162--173

 []


Underfull \hbox (badness 10000) in paragraph at lines 162--173

 []


Overfull \hbox (28.60464pt too wide) in paragraph at lines 162--173
\OT1/cmr/m/n/12 Example us-ing single-letter ed-its : \OT1/pcr/m/n/12 p1=TGTGTC
T[1,0,3] ATTCC[1,1,2] p1[2,2,2]
 []

[3]
Underfull \hbox (badness 10000) in paragraph at lines 173--179

 []


Underfull \hbox (badness 10000) in paragraph at lines 179--185

 []

LaTeX Font Info:    Try loading font information for OMS+cmr on input line 189.

("C:\Program Files (x86)\MiKTeX 2.9\tex\latex\base\omscmr.fd"
File: omscmr.fd 1999/05/25 v2.5h Standard LaTeX font definitions
)
LaTeX Font Info:    Font shape `OMS/cmr/m/n' in size <12> not available
(Font)              Font shape `OMS/cmsy/m/n' tried instead on input line 189.

Underfull \hbox (badness 10000) in paragraph at lines 192--194

 []

<Diagrams/midex.png, id=158, 571.27715pt x 113.56714pt>
File: Diagrams/midex.png Graphic file (type png)

<use Diagrams/midex.png>
Package pdftex.def Info: Diagrams/midex.png used on input line 197.
(pdftex.def)             Requested size: 342.76894pt x 68.1408pt.
 [4]
<Diagrams/back.png, id=166, 556.65108pt x 86.89607pt>
File: Diagrams/back.png Graphic file (type png)
 <use Diagrams/back.png>
Package pdftex.def Info: Diagrams/back.png used on input line 219.
(pdftex.def)             Requested size: 445.32147pt x 69.51694pt.

Underfull \hbox (badness 10000) in paragraph at lines 204--228

 []


Underfull \hbox (badness 10000) in paragraph at lines 204--228

 []


Underfull \hbox (badness 10000) in paragraph at lines 204--228

 []

[5 <C:/Users/Martin/Documents/Uni/Bachelor/Code/ScanForMatch/Diagrams/midex.png
>] <Diagrams/tree.png, id=174, 550.62857pt x 327.79607pt>
File: Diagrams/tree.png Graphic file (type png)

<use Diagrams/tree.png>
Package pdftex.def Info: Diagrams/tree.png used on input line 251.
(pdftex.def)             Requested size: 357.90433pt x 213.0649pt.

Underfull \hbox (badness 10000) in paragraph at lines 229--257

 []


Underfull \hbox (badness 10000) in paragraph at lines 229--257

 []


Underfull \hbox (badness 10000) in paragraph at lines 229--257

 []


Underfull \hbox (badness 10000) in paragraph at lines 229--257

 []

[6 <C:/Users/Martin/Documents/Uni/Bachelor/Code/ScanForMatch/Diagrams/back.png>
]
Underfull \hbox (badness 10000) in paragraph at lines 258--298

 []


Underfull \hbox (badness 10000) in paragraph at lines 258--298

 []


Underfull \hbox (badness 10000) in paragraph at lines 258--298

 []


Underfull \hbox (badness 10000) in paragraph at lines 258--298

 []


Underfull \hbox (badness 10000) in paragraph at lines 258--298

 []


Underfull \hbox (badness 10000) in paragraph at lines 258--298

 []


Underfull \hbox (badness 10000) in paragraph at lines 258--298

 []


Underfull \hbox (badness 10000) in paragraph at lines 258--298

 []


Underfull \hbox (badness 10000) in paragraph at lines 258--298

 []


Underfull \hbox (badness 10000) in paragraph at lines 258--298

 []


Underfull \hbox (badness 10000) in paragraph at lines 258--298

 []

[7 <C:/Users/Martin/Documents/Uni/Bachelor/Code/ScanForMatch/Diagrams/tree.png>
] <Diagrams/ScanfmFlow.png, id=190, 834.317pt x 815.045pt>
File: Diagrams/ScanfmFlow.png Graphic file (type png)

<use Diagrams/ScanfmFlow.png>
Package pdftex.def Info: Diagrams/ScanfmFlow.png used on input line 309.
(pdftex.def)             Requested size: 333.72089pt x 326.01222pt.

Underfull \hbox (badness 10000) in paragraph at lines 299--314

 []


Underfull \hbox (badness 10000) in paragraph at lines 299--314

 []

[8]
Underfull \hbox (badness 10000) in paragraph at lines 315--335

 []


Underfull \hbox (badness 10000) in paragraph at lines 315--335

 []


Underfull \hbox (badness 10000) in paragraph at lines 315--335

 []

[9 <C:/Users/Martin/Documents/Uni/Bachelor/Code/ScanForMatch/Diagrams/ScanfmFlo
w.png>] <Diagrams/shunt.png, id=207, 555.676pt x 114.829pt>
File: Diagrams/shunt.png Graphic file (type png)

<use Diagrams/shunt.png>
Package pdftex.def Info: Diagrams/shunt.png used on input line 368.
(pdftex.def)             Requested size: 333.40817pt x 68.8979pt.

Underfull \hbox (badness 10000) in paragraph at lines 336--372

 []


Underfull \hbox (badness 10000) in paragraph at lines 336--372

 []

[10]
Underfull \hbox (badness 10000) in paragraph at lines 373--414

 []

[11 <C:/Users/Martin/Documents/Uni/Bachelor/Code/ScanForMatch/Diagrams/shunt.pn
g>] <Diagrams/scnfail.png, id=220, 422.43536pt x 292.52142pt>
File: Diagrams/scnfail.png Graphic file (type png)

<use Diagrams/scnfail.png>
Package pdftex.def Info: Diagrams/scnfail.png used on input line 422.
(pdftex.def)             Requested size: 126.73158pt x 87.7571pt.

<Diagrams/fail2.png, id=221, 519.65572pt x 86.89607pt>
File: Diagrams/fail2.png Graphic file (type png)

<use Diagrams/fail2.png>
Package pdftex.def Info: Diagrams/fail2.png used on input line 437.
(pdftex.def)             Requested size: 415.72514pt x 69.51694pt.
 [12 <C:/Users/Martin/Documents/Uni/Bachelor/Code/ScanForMatch/Diagrams/scnfail
.png>]
Underfull \hbox (badness 10000) in paragraph at lines 443--453

 []


Underfull \hbox (badness 10000) in paragraph at lines 443--453

 []


Underfull \hbox (badness 10000) in paragraph at lines 443--453

 []

LaTeX Font Info:    Font shape `OT1/pcr/bx/n' in size <12> not available
(Font)              Font shape `OT1/pcr/b/n' tried instead on input line 453.
<Diagrams/classdia.png, id=231, 518.738pt x 542.828pt>
File: Diagrams/classdia.png Graphic file (type png)

<use Diagrams/classdia.png>
Package pdftex.def Info: Diagrams/classdia.png used on input line 462.
(pdftex.def)             Requested size: 337.1757pt x 352.83401pt.

Underfull \hbox (badness 10000) in paragraph at lines 454--470

 []


Underfull \hbox (badness 10000) in paragraph at lines 454--470

 []


Underfull \hbox (badness 10000) in paragraph at lines 454--470

 []

[13 <C:/Users/Martin/Documents/Uni/Bachelor/Code/ScanForMatch/Diagrams/fail2.pn
g>]
Underfull \hbox (badness 10000) in paragraph at lines 471--544

 []


Underfull \hbox (badness 10000) in paragraph at lines 471--544

 []


Underfull \hbox (badness 10000) in paragraph at lines 471--544

 []


Underfull \hbox (badness 10000) in paragraph at lines 471--544

 []


Underfull \hbox (badness 10000) in paragraph at lines 471--544

 []

[14 <C:/Users/Martin/Documents/Uni/Bachelor/Code/ScanForMatch/Diagrams/classdia
.png>] [15]
Underfull \hbox (badness 10000) in paragraph at lines 545--550

 []

LaTeX Font Info:    Font shape `OMS/cmr/m/n' in size <8> not available
(Font)              Font shape `OMS/cmsy/m/n' tried instead on input line 569.
LaTeX Font Info:    Try loading font information for OML+cmr on input line 572.

("C:\Program Files (x86)\MiKTeX 2.9\tex\latex\base\omlcmr.fd"
File: omlcmr.fd 1999/05/25 v2.5h Standard LaTeX font definitions
)
LaTeX Font Info:    Font shape `OML/cmr/m/n' in size <8> not available
(Font)              Font shape `OML/cmm/m/it' tried instead on input line 572.

Underfull \hbox (badness 10000) in paragraph at lines 551--609

 []


Underfull \hbox (badness 10000) in paragraph at lines 551--609

 []

[16]

LaTeX Warning: Citation 'leve' on page 17 undefined on input line 612.

<Diagrams/leven.png, id=253, 455.98929pt x 211.64786pt>
File: Diagrams/leven.png Graphic file (type png)

<use Diagrams/leven.png>
Package pdftex.def Info: Diagrams/leven.png used on input line 627.
(pdftex.def)             Requested size: 364.79192pt x 169.31851pt.

Underfull \hbox (badness 10000) in paragraph at lines 611--632

 []


Underfull \hbox (badness 10000) in paragraph at lines 611--632

 []


Underfull \hbox (badness 10000) in paragraph at lines 611--632

 []

[17] <Diagrams/opti.png, id=298, 588.48428pt x 80.01321pt>
File: Diagrams/opti.png Graphic file (type png)

<use Diagrams/opti.png>
Package pdftex.def Info: Diagrams/opti.png used on input line 642.
(pdftex.def)             Requested size: 470.78807pt x 64.01064pt.

Overfull \hbox (1.03305pt too wide) in paragraph at lines 642--643
 [] 
 []

[18 <C:/Users/Martin/Documents/Uni/Bachelor/Code/ScanForMatch/Diagrams/leven.pn
g>]
Underfull \hbox (badness 10000) in paragraph at lines 650--679

 []


Underfull \hbox (badness 10000) in paragraph at lines 650--679

 []

[19 <C:/Users/Martin/Documents/Uni/Bachelor/Code/ScanForMatch/Diagrams/opti.png
>]
Underfull \hbox (badness 10000) in paragraph at lines 680--698

 []


Underfull \hbox (badness 10000) in paragraph at lines 680--698

 []


Underfull \hbox (badness 10000) in paragraph at lines 699--714

 []


Underfull \hbox (badness 10000) in paragraph at lines 699--714

 []


Underfull \hbox (badness 10000) in paragraph at lines 699--714

 []


Underfull \hbox (badness 10000) in paragraph at lines 699--714

 []

[20]
Underfull \hbox (badness 10000) in paragraph at lines 722--722
[]|\OT1/cmr/m/n/12 Feature
 []


Underfull \hbox (badness 1308) in paragraph at lines 724--724
[]|\OT1/cmr/m/n/12 Simple se-
 []


Underfull \hbox (badness 10000) in paragraph at lines 726--726
[]|\OT1/cmr/m/n/12 MID se-
 []


Underfull \hbox (badness 10000) in paragraph at lines 726--726
\OT1/cmr/m/n/12 the pos-si-bil-ity of mis-
 []


Underfull \hbox (badness 5274) in paragraph at lines 726--726
\OT1/cmr/m/n/12 matches, in-ser-tions, and
 []


Overfull \hbox (0.59946pt too wide) in paragraph at lines 728--728
[]|\OT1/cmr/m/n/12 Ambiguous
 []


Underfull \hbox (badness 10000) in paragraph at lines 728--728
\OT1/cmr/m/n/12 base se-
 []


Underfull \hbox (badness 2452) in paragraph at lines 728--728
[]|\OT1/cmr/m/n/12 A se-quence con-sist-ing of
 []


Underfull \hbox (badness 10000) in paragraph at lines 728--728
[]|\OT1/cmr/m/n/12 Ambiguous base "U"
 []


Overfull \hbox (0.59946pt too wide) in paragraph at lines 730--730
[]|\OT1/cmr/m/n/12 Ambiguous
 []


Underfull \hbox (badness 10000) in paragraph at lines 730--730
\OT1/cmr/m/n/12 and ba-sic
 []


Underfull \hbox (badness 2452) in paragraph at lines 730--730
[]|\OT1/cmr/m/n/12 A se-quence con-sist-ing of
 []


Overfull \hbox (1.19112pt too wide) in paragraph at lines 736--736
[]|\OT1/cmr/m/n/12 Compleme-
 []


Underfull \hbox (badness 10000) in paragraph at lines 736--736
\OT1/cmr/m/n/12 ntary
 []


Underfull \hbox (badness 10000) in paragraph at lines 738--738
[]|\OT1/cmr/m/n/12 "p1=5...6
 []


Underfull \hbox (badness 10000) in paragraph at lines 740--740
[]|\OT1/cmr/m/n/12 MID
 []


Underfull \hbox (badness 10000) in paragraph at lines 740--740
\OT1/cmr/m/n/12 com-ple-
 []


Underfull \hbox (badness 10000) in paragraph at lines 740--740
\OT1/cmr/m/n/12 men-tary
 []


Underfull \hbox (badness 10000) in paragraph at lines 740--740
[]|\OT1/cmr/m/n/12 "p1=3...8
 []


Underfull \hbox (badness 10000) in paragraph at lines 742--742
[]|\OT1/cmr/m/n/12 Multiple
 []


Overfull \hbox (5.8561pt too wide) in paragraph at lines 742--742
[]|\OT1/cmr/m/n/12 "ACCGMG[1,1,1]
 []

[21] [22] [23]
Overfull \hbox (1.59776pt too wide) in paragraph at lines 778--778
[]\OT1/cmr/m/it/12 Scan For Matches\OT1/cmr/m/n/12 . Ac-cessed on-line 03-May 2
015. 2010. \OT1/cmr/m/sc/12 url\OT1/cmr/m/n/12 : []$\OT1/pcr/m/n/12 http : / / 
blog . theseed .$
 []

[24]
Underfull \hbox (badness 10000) in paragraph at lines 792--792
[]|\OT1/cmr/m/n/12 Expected
 []


Overfull \hbox (4.40987pt too wide) in paragraph at lines 791--800
[][] 
 []


Underfull \hbox (badness 10000) in paragraph at lines 812--812
[]|\OT1/cmr/m/n/12 Expected
 []


Overfull \hbox (6.93816pt too wide) in paragraph at lines 834--834
[]|\OT1/cmr/m/n/12 ACTTGTNNN| 
 []


Overfull \hbox (0.79922pt too wide) in paragraph at lines 834--834
\OT1/cmr/m/n/12 "ACTTGT"| 
 []


Overfull \hbox (0.79922pt too wide) in paragraph at lines 834--834
\OT1/cmr/m/n/12 "ACTTGT"| 
 []


Overfull \hbox (13.79225pt too wide) in paragraph at lines 838--838
[]|\OT1/cmr/m/n/12 CGCTTATNNN| 
 []


Underfull \hbox (badness 10000) in paragraph at lines 838--838
[]|\OT1/cmr/m/n/12 Match at
 []


Underfull \hbox (badness 7704) in paragraph at lines 838--838
\OT1/cmr/m/n/12 1 "CGCT-
 []


Underfull \hbox (badness 10000) in paragraph at lines 838--838
[]|\OT1/cmr/m/n/12 Match at
 []


Underfull \hbox (badness 7704) in paragraph at lines 838--838
\OT1/cmr/m/n/12 1 "CGCT-
 []


Overfull \hbox (9.87567pt too wide) in paragraph at lines 840--840
[]|\OT1/cmr/m/n/12 GGGGGTNNN| 
 []


Overfull \hbox (3.73674pt too wide) in paragraph at lines 840--840
\OT1/cmr/m/n/12 "GGGGGT"| 
 []


Overfull \hbox (3.73674pt too wide) in paragraph at lines 840--840
\OT1/cmr/m/n/12 "GGGGGT"| 
 []


Overfull \hbox (7.23128pt too wide) in paragraph at lines 842--842
[]|\OT1/cmr/m/n/12 "ATTCCCTT[2,2,1]"| 
 []


Underfull \hbox (badness 10000) in paragraph at lines 842--842
[]|\OT1/cmr/m/n/12 TTCCGTAN
 []


Underfull \hbox (badness 10000) in paragraph at lines 842--842
[]|\OT1/cmr/m/n/12 Match at
 []


Underfull \hbox (badness 10000) in paragraph at lines 842--842
\OT1/cmr/m/n/12 1 "TTC-
 []


Underfull \hbox (badness 7704) in paragraph at lines 842--842
\OT1/cmr/m/n/12 CGTA" or
 []


Underfull \hbox (badness 10000) in paragraph at lines 842--842
\OT1/cmr/m/n/12 "TTC-CG-
 []


Underfull \hbox (badness 10000) in paragraph at lines 842--842
\OT1/cmr/m/n/12 "TTC-CG-
 []


Overfull \hbox (6.20898pt too wide) in paragraph at lines 844--844
[]|\OT1/cmr/m/n/12 CCCCCCNNN| 
 []


Underfull \hbox (badness 10000) in paragraph at lines 844--847
\OT1/cmr/m/n/12 num-ber of
 []


Overfull \hbox (0.65631pt too wide) in paragraph at lines 849--849
[]|\OT1/cmr/m/n/12 GGGGTNNN| 
 []


Overfull \hbox (3.73674pt too wide) in paragraph at lines 849--849
\OT1/cmr/m/n/12 "GGGGGT"| 
 []


Overfull \hbox (4.40987pt too wide) in paragraph at lines 811--851
[][] 
 []

[25]
Underfull \hbox (badness 10000) in paragraph at lines 860--860
[]|\OT1/cmr/m/n/12 Expected
 []


Underfull \hbox (badness 1377) in paragraph at lines 862--862
\OT1/cmr/m/n/12 "A" and 4
 []


Underfull \hbox (badness 1377) in paragraph at lines 862--862
\OT1/cmr/m/n/12 "A" and 4
 []


Underfull \hbox (badness 10000) in paragraph at lines 864--864
[]|\OT1/cmr/m/n/12 AAGGTANN
 []


Underfull \hbox (badness 10000) in paragraph at lines 864--864
[]|\OT1/cmr/m/n/12 Match at
 []


Underfull \hbox (badness 10000) in paragraph at lines 864--864
\OT1/cmr/m/n/12 1 "AAG-
 []


Underfull \hbox (badness 10000) in paragraph at lines 864--864
[]|\OT1/cmr/m/n/12 Match at
 []


Underfull \hbox (badness 10000) in paragraph at lines 864--864
\OT1/cmr/m/n/12 1 "AAG-
 []


Underfull \hbox (badness 10000) in paragraph at lines 866--866
[]|\OT1/cmr/m/n/12 "UMMRRWWS
 []


Underfull \hbox (badness 10000) in paragraph at lines 866--866
\OT1/cmr/m/n/12 SYYKKBBB
 []


Underfull \hbox (badness 10000) in paragraph at lines 866--866
\OT1/cmr/m/n/12 DDDHH-HVV
 []


Underfull \hbox (badness 10000) in paragraph at lines 866--866
[]|\OT1/cmr/m/n/12 TACAGATC
 []


Underfull \hbox (badness 10000) in paragraph at lines 866--866
\OT1/cmr/m/n/12 GCT-GTCGT
 []


Underfull \hbox (badness 10000) in paragraph at lines 866--866
\OT1/cmr/m/n/12 AG-TAC-TAC
 []


Underfull \hbox (badness 1281) in paragraph at lines 868--868
[]|\OT1/cmr/m/n/12 All am-bigu-ous bases
 []


Underfull \hbox (badness 10000) in paragraph at lines 868--868
[]|\OT1/cmr/m/n/12 "MMRRWWS
 []


Underfull \hbox (badness 10000) in paragraph at lines 868--868
\OT1/cmr/m/n/12 SYYKKBBB
 []


Underfull \hbox (badness 10000) in paragraph at lines 868--868
\OT1/cmr/m/n/12 DDDHH-HVV
 []


Underfull \hbox (badness 10000) in paragraph at lines 868--868
[]|\OT1/cmr/m/n/12 ACAGATC
 []


Underfull \hbox (badness 10000) in paragraph at lines 868--868
\OT1/cmr/m/n/12 GCT-GTCGT
 []


Underfull \hbox (badness 10000) in paragraph at lines 868--868
\OT1/cmr/m/n/12 AG-TAC-TAC
 []


Overfull \hbox (4.40987pt too wide) in paragraph at lines 859--870
[][] 
 []

[26]
Underfull \hbox (badness 10000) in paragraph at lines 876--876
[]|\OT1/cmr/m/n/12 Expected
 []


Overfull \hbox (2.70348pt too wide) in paragraph at lines 880--880
[]|\OT1/cmr/m/n/12 TTATATGTC| 
 []


Underfull \hbox (badness 10000) in paragraph at lines 880--880
\OT1/cmr/m/n/12 "TTATAT-
 []


Underfull \hbox (badness 10000) in paragraph at lines 880--881
\OT1/cmr/m/n/12 "TTATAT-
 []


Overfull \hbox (4.40987pt too wide) in paragraph at lines 875--882
[][] 
 []


Underfull \hbox (badness 10000) in paragraph at lines 898--898
[]|\OT1/cmr/m/n/12 AAAAAAAA
 []


Underfull \hbox (badness 4899) in paragraph at lines 898--898
[]|\OT1/cmr/m/n/12 Match at 1
 []


Underfull \hbox (badness 4899) in paragraph at lines 898--899
[]|\OT1/cmr/m/n/12 Match at 1
 []


Overfull \hbox (4.40988pt too wide) in paragraph at lines 889--900
[][] 
 []

[27]
Underfull \hbox (badness 10000) in paragraph at lines 914--914
[]|\OT1/cmr/m/n/12 "p1=0...0 2...4
 []


Underfull \hbox (badness 4899) in paragraph at lines 914--914
[]|\OT1/cmr/m/n/12 Match at 1
 []


Underfull \hbox (badness 4899) in paragraph at lines 914--914
[]|\OT1/cmr/m/n/12 Match at 1
 []


Underfull \hbox (badness 10000) in paragraph at lines 916--916
[]|\OT1/cmr/m/n/12 Smallest ref-er-ence
 []


Underfull \hbox (badness 10000) in paragraph at lines 916--916
[]|\OT1/cmr/m/n/12 "p1=1...1 2...2
 []


Underfull \hbox (badness 4899) in paragraph at lines 916--916
[]|\OT1/cmr/m/n/12 Match at 1
 []


Underfull \hbox (badness 4899) in paragraph at lines 916--916
[]|\OT1/cmr/m/n/12 Match at 1
 []


Underfull \hbox (badness 10000) in paragraph at lines 918--918
[]|\OT1/cmr/m/n/12 "p1=3...5 2...2
 []


Underfull \hbox (badness 10000) in paragraph at lines 918--918
[]|\OT1/cmr/m/n/12 CCCCAACC
 []


Underfull \hbox (badness 4899) in paragraph at lines 918--918
[]|\OT1/cmr/m/n/12 Match at 1
 []


Underfull \hbox (badness 10000) in paragraph at lines 918--918
\OT1/cmr/m/n/12 "CC-C-CAAC-
 []


Underfull \hbox (badness 4899) in paragraph at lines 918--918
[]|\OT1/cmr/m/n/12 Match at 1
 []


Underfull \hbox (badness 10000) in paragraph at lines 918--918
\OT1/cmr/m/n/12 "CC-C-CAAC-
 []


Underfull \hbox (badness 4899) in paragraph at lines 920--920
[]|\OT1/cmr/m/n/12 Match at 1
 []


Underfull \hbox (badness 1062) in paragraph at lines 920--920
\OT1/cmr/m/n/12 "G", 4 "T",
 []


Underfull \hbox (badness 10000) in paragraph at lines 922--922
[]|\OT1/cmr/m/n/12 smallest ref-er-ence
 []


Underfull \hbox (badness 4899) in paragraph at lines 922--922
[]|\OT1/cmr/m/n/12 Match at 1
 []


Underfull \hbox (badness 4899) in paragraph at lines 922--922
[]|\OT1/cmr/m/n/12 Match at 1
 []


Underfull \hbox (badness 10000) in paragraph at lines 924--924
[]|\OT1/cmr/m/n/12 CACCCACC
 []


Underfull \hbox (badness 10000) in paragraph at lines 924--924
[]|\OT1/cmr/m/n/12 Match at
 []


Underfull \hbox (badness 10000) in paragraph at lines 924--924
\OT1/cmr/m/n/12 1 "CAC-C-
 []


Underfull \hbox (badness 10000) in paragraph at lines 924--924
[]|\OT1/cmr/m/n/12 Match at
 []


Underfull \hbox (badness 10000) in paragraph at lines 924--924
\OT1/cmr/m/n/12 1 "CAC-C-
 []


Overfull \hbox (4.40988pt too wide) in paragraph at lines 911--926
[][] 
 []


Underfull \hbox (badness 10000) in paragraph at lines 934--934
[]|\OT1/cmr/m/n/12 "p1=0...0 2...2
 []


Underfull \hbox (badness 4899) in paragraph at lines 934--934
[]|\OT1/cmr/m/n/12 Match at 1
 []


Underfull \hbox (badness 10000) in paragraph at lines 936--936
[]|\OT1/cmr/m/n/12 Complementary
 []


Underfull \hbox (badness 10000) in paragraph at lines 936--936
[]|\OT1/cmr/m/n/12 "p1=1...1 2...2
 []


Underfull \hbox (badness 4899) in paragraph at lines 936--936
[]|\OT1/cmr/m/n/12 Match at 1
 []


Underfull \hbox (badness 4899) in paragraph at lines 936--936
[]|\OT1/cmr/m/n/12 Match at 1
 []


Underfull \hbox (badness 10000) in paragraph at lines 938--938
[]|\OT1/cmr/m/n/12 "p1=3...5 2...2
 []


Underfull \hbox (badness 10000) in paragraph at lines 938--938
[]|\OT1/cmr/m/n/12 AATTCCAA
 []


Underfull \hbox (badness 4899) in paragraph at lines 938--938
[]|\OT1/cmr/m/n/12 Match at 1
 []


Underfull \hbox (badness 10000) in paragraph at lines 938--938
\OT1/cmr/m/n/12 "AATTC-
 []


Underfull \hbox (badness 4899) in paragraph at lines 938--938
[]|\OT1/cmr/m/n/12 Match at 1
 []


Underfull \hbox (badness 10000) in paragraph at lines 938--938
\OT1/cmr/m/n/12 "AATTC-
 []


Underfull \hbox (badness 4899) in paragraph at lines 940--940
[]|\OT1/cmr/m/n/12 Match at 1
 []


Underfull \hbox (badness 1092) in paragraph at lines 940--940
\OT1/cmr/m/n/12 "A", 2 "A",
 []


Underfull \hbox (badness 10000) in paragraph at lines 942--942
[]|\OT1/cmr/m/n/12 Complementary
 []


Underfull \hbox (badness 10000) in paragraph at lines 942--942
\OT1/cmr/m/n/12 small-est ref-er-ence
 []


Underfull \hbox (badness 4899) in paragraph at lines 942--942
[]|\OT1/cmr/m/n/12 Match at 1
 []


Underfull \hbox (badness 4899) in paragraph at lines 942--942
[]|\OT1/cmr/m/n/12 Match at 1
 []


Underfull \hbox (badness 10000) in paragraph at lines 944--944
[]|\OT1/cmr/m/n/12 AAATTTNN
 []


Underfull \hbox (badness 4899) in paragraph at lines 944--944
[]|\OT1/cmr/m/n/12 Match at 1
 []


Underfull \hbox (badness 4899) in paragraph at lines 944--944
[]|\OT1/cmr/m/n/12 Match at 1
 []


Overfull \hbox (4.40988pt too wide) in paragraph at lines 931--946
[][] 
 []

[28]
Underfull \hbox (badness 10000) in paragraph at lines 956--956
[]|\OT1/cmr/m/n/12 "p1=0...0 2...2
 []


Underfull \hbox (badness 4899) in paragraph at lines 956--956
[]|\OT1/cmr/m/n/12 Match at 1
 []


Underfull \hbox (badness 10000) in paragraph at lines 958--958
[]|\OT1/cmr/m/n/12 "p1=1...1 2...2
 []


Underfull \hbox (badness 4899) in paragraph at lines 958--958
[]|\OT1/cmr/m/n/12 Match at 1
 []


Underfull \hbox (badness 4899) in paragraph at lines 958--958
[]|\OT1/cmr/m/n/12 Match at 1
 []


Underfull \hbox (badness 10000) in paragraph at lines 960--960
[]|\OT1/cmr/m/n/12 "p1=3...4 2...2
 []


Underfull \hbox (badness 10000) in paragraph at lines 960--960
[]|\OT1/cmr/m/n/12 AAAATTCG
 []


Underfull \hbox (badness 4899) in paragraph at lines 960--960
[]|\OT1/cmr/m/n/12 Match at 1
 []


Overfull \hbox (9.54924pt too wide) in paragraph at lines 960--960
\OT1/cmr/m/n/12 "AAAATTCG"
 []


Underfull \hbox (badness 10000) in paragraph at lines 960--960
\OT1/cmr/m/n/12 or
 []


Overfull \hbox (25.86435pt too wide) in paragraph at lines 960--960
\OT1/cmr/m/n/12 "AAAATTCGTA"
 []


Underfull \hbox (badness 10000) in paragraph at lines 960--960
\OT1/cmr/m/n/12 or
 []


Underfull \hbox (badness 4899) in paragraph at lines 960--960
[]|\OT1/cmr/m/n/12 Match at 1
 []


Underfull \hbox (badness 10000) in paragraph at lines 962--962
[]|\OT1/cmr/m/n/12 Reference MID 0
 []


Underfull \hbox (badness 10000) in paragraph at lines 962--962
[]|\OT1/cmr/m/n/12 "p1=0...0
 []


Underfull \hbox (badness 4899) in paragraph at lines 962--962
[]|\OT1/cmr/m/n/12 Match at 1
 []


Underfull \hbox (badness 1199) in paragraph at lines 962--962
\OT1/cmr/m/n/12 "A", 2 "C",
 []


Underfull \hbox (badness 10000) in paragraph at lines 964--964
[]|\OT1/cmr/m/n/12 "p1=1...1
 []


Underfull \hbox (badness 10000) in paragraph at lines 964--964
[]|\OT1/cmr/m/n/12 Match at
 []


Underfull \hbox (badness 10000) in paragraph at lines 964--964
\OT1/cmr/m/n/12 1 "AC" or
 []


Underfull \hbox (badness 10000) in paragraph at lines 964--964
\OT1/cmr/m/n/12 "ACG" or
 []


Underfull \hbox (badness 10000) in paragraph at lines 964--964
\OT1/cmr/m/n/12 "ACGT" or
 []


Underfull \hbox (badness 4899) in paragraph at lines 964--964
[]|\OT1/cmr/m/n/12 Match at 1
 []


Underfull \hbox (badness 10000) in paragraph at lines 966--966
[]|\OT1/cmr/m/n/12 "p1=3...5
 []


Overfull \hbox (5.2215pt too wide) in paragraph at lines 966--966
[]|\OT1/cmr/m/n/12 ACTTACNNN| 
 []


Underfull \hbox (badness 10000) in paragraph at lines 966--966
[]|\OT1/cmr/m/n/12 Match at
 []


Underfull \hbox (badness 10000) in paragraph at lines 966--966
\OT1/cmr/m/n/12 1 "ACT-
 []


Underfull \hbox (badness 10000) in paragraph at lines 966--966
\OT1/cmr/m/n/12 TAC" or
 []


Underfull \hbox (badness 4899) in paragraph at lines 966--966
[]|\OT1/cmr/m/n/12 Match at 1
 []


Overfull \hbox (4.40988pt too wide) in paragraph at lines 953--968
[][] 
 []

[29]
Underfull \hbox (badness 10000) in paragraph at lines 978--978
[]|\OT1/cmr/m/n/12 "p1=0...0 2...3
 []


Underfull \hbox (badness 4899) in paragraph at lines 978--978
[]|\OT1/cmr/m/n/12 Match at 1
 []


Underfull \hbox (badness 10000) in paragraph at lines 980--980
[]|\OT1/cmr/m/n/12 "p1=1...1 2...3
 []


Underfull \hbox (badness 4899) in paragraph at lines 980--980
[]|\OT1/cmr/m/n/12 Match at 1
 []


Underfull \hbox (badness 4899) in paragraph at lines 980--980
[]|\OT1/cmr/m/n/12 Match at 1
 []


Underfull \hbox (badness 10000) in paragraph at lines 982--982
[]|\OT1/cmr/m/n/12 "p1=3...4 2...3
 []


Underfull \hbox (badness 10000) in paragraph at lines 982--982
[]|\OT1/cmr/m/n/12 ACCTTGCC
 []


Underfull \hbox (badness 10000) in paragraph at lines 982--982
[]|\OT1/cmr/m/n/12 Match at
 []


Underfull \hbox (badness 10000) in paragraph at lines 982--982
\OT1/cmr/m/n/12 1 "AC-
 []


Underfull \hbox (badness 10000) in paragraph at lines 982--982
[]|\OT1/cmr/m/n/12 Match at
 []


Underfull \hbox (badness 10000) in paragraph at lines 982--982
\OT1/cmr/m/n/12 1 "AC-
 []


Underfull \hbox (badness 10000) in paragraph at lines 984--984
[]|\OT1/cmr/m/n/12 "p1=0...0
 []


Underfull \hbox (badness 4899) in paragraph at lines 984--984
[]|\OT1/cmr/m/n/12 Match at 1
 []


Underfull \hbox (badness 10000) in paragraph at lines 986--986
\OT1/cmr/m/n/12 ple-men-tary small-est
 []


Underfull \hbox (badness 10000) in paragraph at lines 986--986
[]|\OT1/cmr/m/n/12 "p1=1...1
 []


Underfull \hbox (badness 4899) in paragraph at lines 986--986
[]|\OT1/cmr/m/n/12 Match at 1
 []


Underfull \hbox (badness 4899) in paragraph at lines 986--986
[]|\OT1/cmr/m/n/12 Match at 1
 []


Underfull \hbox (badness 10000) in paragraph at lines 988--988
[]|\OT1/cmr/m/n/12 "p1=3...4
 []


Underfull \hbox (badness 10000) in paragraph at lines 988--988
[]|\OT1/cmr/m/n/12 AAATACTT
 []


Underfull \hbox (badness 10000) in paragraph at lines 988--988
[]|\OT1/cmr/m/n/12 Match at
 []


Underfull \hbox (badness 10000) in paragraph at lines 988--988
\OT1/cmr/m/n/12 1 "AAAT-
 []


Underfull \hbox (badness 10000) in paragraph at lines 988--988
[]|\OT1/cmr/m/n/12 Match at
 []


Underfull \hbox (badness 10000) in paragraph at lines 988--988
\OT1/cmr/m/n/12 1 "AAAT-
 []


Overfull \hbox (4.40988pt too wide) in paragraph at lines 975--990
[][] 
 []

[30]
Underfull \hbox (badness 10000) in paragraph at lines 1001--1001
[]|\OT1/cmr/m/n/12 ACGTTGCA
 []


Underfull \hbox (badness 4899) in paragraph at lines 1001--1001
[]|\OT1/cmr/m/n/12 Match at 1
 []


Overfull \hbox (10.29091pt too wide) in paragraph at lines 1001--1001
\OT1/cmr/m/n/12 "ACGTTGCA"| 
 []


Underfull \hbox (badness 4899) in paragraph at lines 1001--1001
[]|\OT1/cmr/m/n/12 Match at 1
 []


Overfull \hbox (10.29091pt too wide) in paragraph at lines 1001--1001
\OT1/cmr/m/n/12 "ACGTTGCA"| 
 []


Underfull \hbox (badness 10000) in paragraph at lines 1003--1003
[]|\OT1/cmr/m/n/12 "4...5
 []


Underfull \hbox (badness 10000) in paragraph at lines 1003--1003
[]|\OT1/cmr/m/n/12 AAAAATTC
 []


Underfull \hbox (badness 4899) in paragraph at lines 1003--1003
[]|\OT1/cmr/m/n/12 Match at 1
 []


Overfull \hbox (9.13812pt too wide) in paragraph at lines 1003--1003
\OT1/cmr/m/n/12 "AAAAATTC"
 []


Underfull \hbox (badness 10000) in paragraph at lines 1003--1003
\OT1/cmr/m/n/12 or
 []


Overfull \hbox (0.6521pt too wide) in paragraph at lines 1003--1003
\OT1/cmr/m/n/12 "AAAAATT"| 
 []


Underfull \hbox (badness 4899) in paragraph at lines 1003--1003
[]|\OT1/cmr/m/n/12 Match at 1
 []


Overfull \hbox (0.6521pt too wide) in paragraph at lines 1003--1003
\OT1/cmr/m/n/12 "AAAAATT"| 
 []


Underfull \hbox (badness 10000) in paragraph at lines 1005--1005
[]|\OT1/cmr/m/n/12 "TTTT[0,1,1]
 []


Underfull \hbox (badness 10000) in paragraph at lines 1005--1005
[]|\OT1/cmr/m/n/12 TTTTTAAN
 []


Underfull \hbox (badness 4899) in paragraph at lines 1005--1005
[]|\OT1/cmr/m/n/12 Match at 1
 []


Underfull \hbox (badness 4899) in paragraph at lines 1005--1005
[]|\OT1/cmr/m/n/12 Match at 1
 []


Underfull \hbox (badness 10000) in paragraph at lines 1007--1007
[]|\OT1/cmr/m/n/12 "p1=2...3
 []


Underfull \hbox (badness 10000) in paragraph at lines 1007--1007
\OT1/cmr/m/n/12 p2=2...2 p1
 []


Underfull \hbox (badness 10000) in paragraph at lines 1007--1007
[]|\OT1/cmr/m/n/12 TTTCCTTT
 []


Underfull \hbox (badness 10000) in paragraph at lines 1007--1007
[]|\OT1/cmr/m/n/12 Match at
 []


Underfull \hbox (badness 10000) in paragraph at lines 1007--1007
\OT1/cmr/m/n/12 1 "TTTC-
 []


Underfull \hbox (badness 10000) in paragraph at lines 1007--1007
[]|\OT1/cmr/m/n/12 Match at
 []


Underfull \hbox (badness 10000) in paragraph at lines 1007--1007
\OT1/cmr/m/n/12 1 "TTTC-
 []


Underfull \hbox (badness 1789) in paragraph at lines 1009--1009
[]|\OT1/cmr/m/n/12 Mulitple com-ple-men-
 []


Underfull \hbox (badness 10000) in paragraph at lines 1009--1009
[]|\OT1/cmr/m/n/12 p1=3...3
 []


Underfull \hbox (badness 10000) in paragraph at lines 1009--1009
\OT1/cmr/m/n/12 p2=2...3 2...3
 []


Overfull \hbox (58.99875pt too wide) in paragraph at lines 1010--1010
[]|\OT1/cmr/m/n/12 AAACCGTTTCGGTTT
 []


Underfull \hbox (badness 10000) in paragraph at lines 1010--1010
[]|\OT1/cmr/m/n/12 Match at
 []


Underfull \hbox (badness 10000) in paragraph at lines 1010--1010
\OT1/cmr/m/n/12 1 "AAAC-
 []


Underfull \hbox (badness 10000) in paragraph at lines 1010--1010
\OT1/cmr/m/n/12 CGTTTCG-
 []


Underfull \hbox (badness 10000) in paragraph at lines 1010--1010
[]|\OT1/cmr/m/n/12 Match at
 []


Underfull \hbox (badness 10000) in paragraph at lines 1010--1010
\OT1/cmr/m/n/12 1 "AAAC-
 []


Underfull \hbox (badness 10000) in paragraph at lines 1010--1010
\OT1/cmr/m/n/12 CGTTTCG-
 []


Underfull \hbox (badness 10000) in paragraph at lines 1012--1012
[]|\OT1/cmr/m/n/12 0 ref-fer-ence with
 []


Underfull \hbox (badness 10000) in paragraph at lines 1012--1012
[]|\OT1/cmr/m/n/12 "AATCC
 []


Overfull \hbox (78.89581pt too wide) in paragraph at lines 1012--1012
[]|\OT1/cmr/m/n/12 AATCCTTGGGGGGGNNN| 
 []


Underfull \hbox (badness 10000) in paragraph at lines 1014--1014
[]|\OT1/cmr/m/n/12 "ATC 0...3
 []


Overfull \hbox (5.55205pt too wide) in paragraph at lines 1014--1014
[]|\OT1/cmr/m/n/12 ATCTTCNNN| 
 []


Underfull \hbox (badness 4899) in paragraph at lines 1014--1014
[]|\OT1/cmr/m/n/12 Match at 1
 []


Underfull \hbox (badness 4899) in paragraph at lines 1014--1014
[]|\OT1/cmr/m/n/12 Match at 1
 []


Underfull \hbox (badness 10000) in paragraph at lines 1016--1016
[]|\OT1/cmr/m/n/12 reference with to
 []


Overfull \hbox (13.05891pt too wide) in paragraph at lines 1016--1016
[]|\OT1/cmr/m/n/12 TTTATTTNNN| 
 []


Underfull \hbox (badness 3557) in paragraph at lines 1018--1018
[]|\OT1/cmr/m/n/12 sequence with more
 []


Underfull \hbox (badness 10000) in paragraph at lines 1018--1018
[]|\OT1/cmr/m/n/12 "TTTT
 []


Underfull \hbox (badness 10000) in paragraph at lines 1018--1018
\OT1/cmr/m/n/12 ACC[0,6,0]
 []


Overfull \hbox (5.22566pt too wide) in paragraph at lines 1018--1018
[]|\OT1/cmr/m/n/12 TTTTACNNN| 
 []


Overfull \hbox (4.40988pt too wide) in paragraph at lines 998--1020
[][] 
 []

Package atveryend Info: Empty hook `BeforeClearDocument' on input line 1021.
[31] [32]
Package atveryend Info: Empty hook `AfterLastShipout' on input line 1021.
 (C:\Users\Martin\Documents\Uni\Bachelor\Code\ScanForMatch\Report.aux)
Package atveryend Info: Executing hook `AtVeryEndDocument' on input line 1021.
Package atveryend Info: Executing hook `AtEndAfterFileList' on input line 1021.

Package rerunfilecheck Info: File `Report.out' has not changed.
(rerunfilecheck)             Checksum: 9D586FDDDCB23C92570B9D51DCF0119D;1719.

LaTeX Font Warning: Some font shapes were not available, defaults substituted.


LaTeX Warning: There were undefined references.


Package biblatex Warning: Please (re)run BibTeX on the file(s):
(biblatex)                Report
(biblatex)                and rerun LaTeX afterwards.

Package logreq Info: Writing requests to 'Report.run.xml'.
Package atveryend Info: Empty hook `AtVeryVeryEnd' on input line 1021.
 ) 
Here is how much of TeX's memory you used:
 26331 strings out of 493921
 470623 string characters out of 3144874
 897625 words of memory out of 3000000
 29012 multiletter control sequences out of 15000+200000
 19795 words of font info for 75 fonts, out of 3000000 for 9000
 841 hyphenation exceptions out of 8191
 56i,20n,56p,937b,1537s stack positions out of 5000i,500n,10000p,200000b,50000s
pdfTeX warning (dest): name{Hfootnote.1} has been referenced but does not exi
st, replaced by a fixed one

 <C:\Users\Martin\AppData\Local\MiKTeX\2.9\fonts\pk\ljfour\jknappen\ec\dpi600\t
crm0800.pk> <C:\Users\Martin\AppData\Local\MiKTeX\2.9\fonts\pk\ljfour\jknappen\
ec\dpi600\tcrm1200.pk>{C:/Program Files (x86)/MiKTeX 2.9/fonts/enc/dvips/fontna
me/8r.enc}<C:/Program Files (x86)/MiKTeX 2.9/fonts/type1/public/amsfonts/cm/cmb
x12.pfb><C:/Program Files (x86)/MiKTeX 2.9/fonts/type1/public/amsfonts/cm/cmcsc
10.pfb><C:/Program Files (x86)/MiKTeX 2.9/fonts/type1/public/amsfonts/cm/cmex10
.pfb><C:/Program Files (x86)/MiKTeX 2.9/fonts/type1/public/amsfonts/cm/cmmi12.p
fb><C:/Program Files (x86)/MiKTeX 2.9/fonts/type1/public/amsfonts/cm/cmmi8.pfb>
<C:/Program Files (x86)/MiKTeX 2.9/fonts/type1/public/amsfonts/cm/cmr10.pfb><C:
/Program Files (x86)/MiKTeX 2.9/fonts/type1/public/amsfonts/cm/cmr12.pfb><C:/Pr
ogram Files (x86)/MiKTeX 2.9/fonts/type1/public/amsfonts/cm/cmr8.pfb><C:/Progra
m Files (x86)/MiKTeX 2.9/fonts/type1/public/amsfonts/cm/cmsy10.pfb><C:/Program 
Files (x86)/MiKTeX 2.9/fonts/type1/public/amsfonts/cm/cmsy8.pfb><C:/Program Fil
es (x86)/MiKTeX 2.9/fonts/type1/public/amsfonts/cm/cmti12.pfb><C:/Program Files
 (x86)/MiKTeX 2.9/fonts/type1/urw/courier/ucrb8a.pfb><C:/Program Files (x86)/Mi
KTeX 2.9/fonts/type1/urw/courier/ucrr8a.pfb>
Output written on Report.pdf (33 pages, 562009 bytes).
PDF statistics:
 474 PDF objects out of 1000 (max. 8388607)
 130 named destinations out of 1000 (max. 500000)
 255 words of extra memory for PDF output out of 10000 (max. 10000000)

